
RAxML-NG v. 0.8.0git BETA released on 11.01.2019 by The Exelixis Lab.
Authors: Alexey Kozlov, Alexandros Stamatakis, Diego Darriba, Tomas Flouri, Benoit Morel.
Latest version: https://github.com/amkozlov/raxml-ng
Questions/problems/suggestions? Please visit: https://groups.google.com/forum/#!forum/raxml

WARNING: This is a BETA release, please use at your own risk!

RAxML-NG was called at 18-Jan-2019 18:47:04 as follows:

raxml-ng --tree /pasteur/homes/azhukova/projects/pastml_atlas/examples/HIV1C/data/0/pars_tree.nwk --model GTR+G6 --msa /pasteur/homes/azhukova/projects/pastml_atlas/examples/HIV1C/data/0/raxml_alignment.norecombinants.nodrm.fa --msa-format FASTA --data-type DNA --seed 239 --threads 12 --force

Analysis options:
  run mode: ML tree search
  start tree(s): user
  random seed: 239
  tip-inner: OFF
  pattern compression: ON
  per-rate scalers: OFF
  site repeats: ON
  fast spr radius: AUTO
  spr subtree cutoff: 1.000000
  branch lengths: proportional (ML estimate, algorithm: NR-FAST)
  SIMD kernels: AVX2
  parallelization: PTHREADS (12 threads), thread pinning: OFF

WARNING: Running in FORCE mode: all safety checks are disabled!

[00:00:00] Reading alignment from file: /pasteur/homes/azhukova/projects/pastml_atlas/examples/HIV1C/data/0/raxml_alignment.norecombinants.nodrm.fa
[00:00:00] Loaded alignment with 3638 taxa and 882 sites

Alignment comprises 1 partitions and 842 patterns

Partition 0: noname
Model: GTR+FO+G6m
Alignment sites / patterns: 882 / 842
Gaps: 0.03 %
Invariant sites: 2.61 %


NOTE: Binary MSA file created: /pasteur/homes/azhukova/projects/pastml_atlas/examples/HIV1C/data/0/raxml_alignment.norecombinants.nodrm.fa.raxml.rba

[00:00:00] Loading user starting tree(s) from: /pasteur/homes/azhukova/projects/pastml_atlas/examples/HIV1C/data/0/pars_tree.nwk
[00:00:00] Data distribution: max. partitions/sites/weight per thread: 1 / 71 / 1704

Starting ML tree search with 1 distinct starting trees

[00:00:00 -399351.154635] Initial branch length optimization
[00:00:03 -351062.035414] Model parameter optimization (eps = 10.000000)
[00:01:17 -319715.760056] AUTODETECT spr round 1 (radius: 5)

RAxML-NG v. 0.8.0git BETA released on 11.01.2019 by The Exelixis Lab.
Authors: Alexey Kozlov, Alexandros Stamatakis, Diego Darriba, Tomas Flouri, Benoit Morel.
Latest version: https://github.com/amkozlov/raxml-ng
Questions/problems/suggestions? Please visit: https://groups.google.com/forum/#!forum/raxml

WARNING: This is a BETA release, please use at your own risk!

RAxML-NG was called at 18-Jan-2019 18:52:57 as follows:

raxml-ng --tree /pasteur/homes/azhukova/projects/pastml_atlas/examples/HIV1C/data/0/pars_tree.nwk --model GTR+G6 --msa /pasteur/homes/azhukova/projects/pastml_atlas/examples/HIV1C/data/0/raxml_alignment.norecombinants.nodrm.fa --msa-format FASTA --data-type DNA --seed 239 --threads 12 --force

Analysis options:
  run mode: ML tree search
  start tree(s): user
  random seed: 239
  tip-inner: OFF
  pattern compression: ON
  per-rate scalers: OFF
  site repeats: ON
  fast spr radius: AUTO
  spr subtree cutoff: 1.000000
  branch lengths: proportional (ML estimate, algorithm: NR-FAST)
  SIMD kernels: AVX2
  parallelization: PTHREADS (12 threads), thread pinning: OFF

WARNING: Running in FORCE mode: all safety checks are disabled!

WARNING: The model you specified on the command line (GTR+G6) will be ignored 
         since the binary MSA file already contains a model definition.
         If you want to change the model, please re-run RAxML-NG 
         with the original PHYLIP/FASTA alignment and --redo option.

[00:00:00] Loading binary alignment from file: /pasteur/homes/azhukova/projects/pastml_atlas/examples/HIV1C/data/0/raxml_alignment.norecombinants.nodrm.fa.raxml.rba
[00:00:00] Alignment comprises 3638 taxa, 1 partitions and 842 patterns

Partition 0: noname
Model: GTR+FO+G6m
Alignment sites / patterns: 882 / 842
Gaps: 0.03 %
Invariant sites: 2.61 %


[00:00:00] NOTE: Resuming execution from checkpoint (logLH: -319715.76, ML trees: 0, bootstraps: 0)
[00:00:00] Data distribution: max. partitions/sites/weight per thread: 1 / 71 / 1704

Starting ML tree search with 1 distinct starting trees

[00:00:00 -319715.760056] AUTODETECT spr round 1 (radius: 5)
[00:04:12 -316893.233678] AUTODETECT spr round 2 (radius: 10)
[00:09:11 -315706.865896] AUTODETECT spr round 3 (radius: 15)
[00:15:22 -315025.536799] AUTODETECT spr round 4 (radius: 20)
[00:23:03 -314523.232845] AUTODETECT spr round 5 (radius: 25)
[00:33:05 -314194.158820] SPR radius for FAST iterations: 25 (autodetect)
[00:33:05 -314194.158820] Model parameter optimization (eps = 3.000000)
[00:33:25 -314131.619230] FAST spr round 1 (radius: 25)
[00:53:02 -312379.654365] FAST spr round 2 (radius: 25)
[01:10:43 -311642.942920] FAST spr round 3 (radius: 25)
[01:24:11 -311305.254539] FAST spr round 4 (radius: 25)
[01:34:58 -311199.671956] FAST spr round 5 (radius: 25)
[01:44:27 -311152.827220] FAST spr round 6 (radius: 25)
[01:52:54 -311139.776333] FAST spr round 7 (radius: 25)
[02:00:21 -311137.199250] FAST spr round 8 (radius: 25)
[02:07:45 -311117.413643] FAST spr round 9 (radius: 25)
[02:14:46 -311108.484389] FAST spr round 10 (radius: 25)
[02:21:31 -311102.720307] FAST spr round 11 (radius: 25)
[02:27:59 -311101.412272] FAST spr round 12 (radius: 25)
[02:34:21 -311100.412233] FAST spr round 13 (radius: 25)
[02:40:29 -311100.412233] Model parameter optimization (eps = 1.000000)
[02:40:39 -311093.390858] SLOW spr round 1 (radius: 5)
[02:48:46 -310959.678223] SLOW spr round 2 (radius: 5)
[02:56:10 -310945.796539] SLOW spr round 3 (radius: 5)
[03:03:22 -310943.333653] SLOW spr round 4 (radius: 5)
[03:10:19 -310938.930667] SLOW spr round 5 (radius: 5)
[03:16:47 -310938.393744] SLOW spr round 6 (radius: 5)
[03:22:57 -310937.837819] SLOW spr round 7 (radius: 5)
[03:29:09 -310935.357173] SLOW spr round 8 (radius: 5)
[03:35:13 -310935.357085] SLOW spr round 9 (radius: 10)
[03:41:53 -310880.767369] SLOW spr round 10 (radius: 5)
[03:49:33 -310868.777829] SLOW spr round 11 (radius: 5)
[03:56:38 -310863.333089] SLOW spr round 12 (radius: 5)
[04:03:18 -310860.472259] SLOW spr round 13 (radius: 5)
[04:09:43 -310859.716381] SLOW spr round 14 (radius: 5)
[04:15:54 -310859.716372] SLOW spr round 15 (radius: 10)
[04:22:17 -310855.414692] SLOW spr round 16 (radius: 5)
[04:29:55 -310853.451420] SLOW spr round 17 (radius: 5)
[04:36:53 -310852.858342] SLOW spr round 18 (radius: 5)
[04:43:27 -310852.858338] SLOW spr round 19 (radius: 10)
[04:49:59 -310852.573642] SLOW spr round 20 (radius: 5)
[04:57:38 -310847.287322] SLOW spr round 21 (radius: 5)
[05:04:27 -310847.286319] SLOW spr round 22 (radius: 10)
[05:11:19 -310843.781500] SLOW spr round 23 (radius: 5)
[05:18:57 -310839.326613] SLOW spr round 24 (radius: 5)
[05:25:49 -310837.716452] SLOW spr round 25 (radius: 5)
[05:32:21 -310837.716452] SLOW spr round 26 (radius: 10)
[05:38:57 -310835.371216] SLOW spr round 27 (radius: 5)
[05:46:29 -310835.227127] SLOW spr round 28 (radius: 5)
[05:53:16 -310835.227123] SLOW spr round 29 (radius: 10)
[06:00:06 -310834.615491] SLOW spr round 30 (radius: 5)
[06:07:34 -310834.346376] SLOW spr round 31 (radius: 5)
[06:14:23 -310834.346012] SLOW spr round 32 (radius: 10)
[06:21:12 -310832.464627] SLOW spr round 33 (radius: 5)
[06:28:48 -310832.464346] SLOW spr round 34 (radius: 10)
[06:36:19 -310827.275823] SLOW spr round 35 (radius: 5)
[06:44:21 -310827.005307] SLOW spr round 36 (radius: 5)
[06:52:00 -310827.005071] SLOW spr round 37 (radius: 10)
[06:59:41 -310824.793254] SLOW spr round 38 (radius: 5)
[07:08:11 -310822.738370] SLOW spr round 39 (radius: 5)
[07:15:54 -310822.738370] SLOW spr round 40 (radius: 10)
[07:23:34 -310822.477208] SLOW spr round 41 (radius: 5)
[07:31:49 -310822.240225] SLOW spr round 42 (radius: 5)
[07:39:22 -310822.240062] SLOW spr round 43 (radius: 10)
[07:46:37 -310822.055612] SLOW spr round 44 (radius: 5)
[07:54:11 -310821.708455] SLOW spr round 45 (radius: 5)
[08:01:04 -310821.708411] SLOW spr round 46 (radius: 10)
[08:07:53 -310819.130681] SLOW spr round 47 (radius: 5)
[08:15:25 -310819.014820] SLOW spr round 48 (radius: 5)
[08:22:12 -310819.014774] SLOW spr round 49 (radius: 10)
[08:28:59 -310818.888506] SLOW spr round 50 (radius: 5)
[08:37:24 -310816.815462] SLOW spr round 51 (radius: 5)
[08:45:21 -310815.827688] SLOW spr round 52 (radius: 5)
[08:52:52 -310815.827686] SLOW spr round 53 (radius: 10)
[09:00:28 -310813.491690] SLOW spr round 54 (radius: 5)
[09:09:01 -310813.491678] SLOW spr round 55 (radius: 10)
[09:17:34 -310810.313143] SLOW spr round 56 (radius: 5)
[09:26:14 -310808.302816] SLOW spr round 57 (radius: 5)
[09:34:14 -310807.342217] SLOW spr round 58 (radius: 5)
[09:41:51 -310807.342217] SLOW spr round 59 (radius: 10)
[09:49:33 -310807.273834] SLOW spr round 60 (radius: 15)
[10:05:44 -310774.631085] SLOW spr round 61 (radius: 5)
[10:14:47 -310751.430492] SLOW spr round 62 (radius: 5)
[10:23:09 -310748.626220] SLOW spr round 63 (radius: 5)
[10:30:52 -310748.452326] SLOW spr round 64 (radius: 5)
[10:38:23 -310748.452326] SLOW spr round 65 (radius: 10)
[10:46:04 -310741.901616] SLOW spr round 66 (radius: 5)
[10:54:49 -310741.901235] SLOW spr round 67 (radius: 10)
[11:03:29 -310741.771923] SLOW spr round 68 (radius: 5)
[11:12:15 -310740.888199] SLOW spr round 69 (radius: 5)
[11:20:14 -310740.888186] SLOW spr round 70 (radius: 10)
[11:28:14 -310738.278445] SLOW spr round 71 (radius: 5)
[11:37:27 -310736.366868] SLOW spr round 72 (radius: 5)
[11:45:54 -310736.366755] SLOW spr round 73 (radius: 10)
[11:54:14 -310730.582244] SLOW spr round 74 (radius: 5)
[12:03:44 -310730.015720] SLOW spr round 75 (radius: 5)
[12:12:27 -310730.015681] SLOW spr round 76 (radius: 10)
[12:21:06 -310728.807280] SLOW spr round 77 (radius: 5)
[12:30:30 -310728.610394] SLOW spr round 78 (radius: 5)
[12:39:09 -310728.610392] SLOW spr round 79 (radius: 10)
[12:47:46 -310728.610392] SLOW spr round 80 (radius: 15)
[13:04:20 -310690.624641] SLOW spr round 81 (radius: 5)
[13:14:53 -310680.081097] SLOW spr round 82 (radius: 5)
[13:24:28 -310680.080956] SLOW spr round 83 (radius: 10)
[13:33:42 -310677.421587] SLOW spr round 84 (radius: 5)
[13:42:37 -310677.421266] SLOW spr round 85 (radius: 10)
[13:51:31 -310677.399338] SLOW spr round 86 (radius: 15)
[14:06:34 -310673.640499] SLOW spr round 87 (radius: 5)
[14:15:54 -310672.534527] SLOW spr round 88 (radius: 5)
[14:24:40 -310671.697031] SLOW spr round 89 (radius: 5)
[14:33:16 -310671.696952] SLOW spr round 90 (radius: 10)
[14:41:23 -310671.696952] SLOW spr round 91 (radius: 15)
[14:57:27 -310671.496679] SLOW spr round 92 (radius: 5)
[15:07:35 -310671.496537] SLOW spr round 93 (radius: 10)
[15:17:49 -310671.496537] SLOW spr round 94 (radius: 15)
[15:33:36 -310671.368634] SLOW spr round 95 (radius: 5)
[15:43:48 -310670.368494] SLOW spr round 96 (radius: 5)
[15:53:12 -310670.368493] SLOW spr round 97 (radius: 10)
[16:02:29 -310670.368493] SLOW spr round 98 (radius: 15)
[16:18:49 -310670.339454] SLOW spr round 99 (radius: 20)
[16:48:19 -310636.844986] SLOW spr round 100 (radius: 5)
[16:58:28 -310629.587952] SLOW spr round 101 (radius: 5)
[17:07:45 -310628.945976] SLOW spr round 102 (radius: 5)
[17:16:31 -310628.945958] SLOW spr round 103 (radius: 10)
[17:25:22 -310619.776654] SLOW spr round 104 (radius: 5)
[17:35:11 -310616.141884] SLOW spr round 105 (radius: 5)
[17:44:19 -310616.141579] SLOW spr round 106 (radius: 10)
[17:53:19 -310615.728183] SLOW spr round 107 (radius: 5)
[18:03:21 -310615.384240] SLOW spr round 108 (radius: 5)
[18:12:40 -310615.384240] SLOW spr round 109 (radius: 10)
[18:21:48 -310615.384240] SLOW spr round 110 (radius: 15)
[18:38:13 -310612.791601] SLOW spr round 111 (radius: 5)
[18:48:27 -310611.051227] SLOW spr round 112 (radius: 5)
[18:57:36 -310611.051224] SLOW spr round 113 (radius: 10)
[19:05:51 -310611.051224] SLOW spr round 114 (radius: 15)
[19:22:03 -310610.439015] SLOW spr round 115 (radius: 5)
[19:31:53 -310606.933595] SLOW spr round 116 (radius: 5)
[19:40:10 -310606.933310] SLOW spr round 117 (radius: 10)
[19:49:01 -310606.297876] SLOW spr round 118 (radius: 5)
[19:58:51 -310606.297858] SLOW spr round 119 (radius: 10)
[20:07:41 -310606.297858] SLOW spr round 120 (radius: 15)
[20:22:53 -310605.371301] SLOW spr round 121 (radius: 5)
[20:31:57 -310605.371278] SLOW spr round 122 (radius: 10)
[20:41:08 -310605.371278] SLOW spr round 123 (radius: 15)
[20:55:45 -310605.371278] SLOW spr round 124 (radius: 20)
[21:24:06 -310595.059209] SLOW spr round 125 (radius: 5)
[21:32:58 -310592.629394] SLOW spr round 126 (radius: 5)
[21:40:59 -310592.629235] SLOW spr round 127 (radius: 10)
[21:48:52 -310591.146040] SLOW spr round 128 (radius: 5)
[21:57:21 -310591.146040] SLOW spr round 129 (radius: 10)
[22:05:42 -310591.146040] SLOW spr round 130 (radius: 15)
[22:20:54 -310590.520949] SLOW spr round 131 (radius: 5)
[22:29:55 -310588.051422] SLOW spr round 132 (radius: 5)
[22:37:46 -310588.050837] SLOW spr round 133 (radius: 10)
[22:45:32 -310588.050818] SLOW spr round 134 (radius: 15)
[23:00:56 -310588.025671] SLOW spr round 135 (radius: 20)
[23:29:47 -310584.328665] SLOW spr round 136 (radius: 5)
[23:39:03 -310583.159540] SLOW spr round 137 (radius: 5)
[23:47:30 -310583.159525] SLOW spr round 138 (radius: 10)
[23:55:48 -310583.159525] SLOW spr round 139 (radius: 15)
[24:11:36 -310582.600156] SLOW spr round 140 (radius: 5)
[24:20:49 -310582.268535] SLOW spr round 141 (radius: 5)
[24:29:19 -310581.459739] SLOW spr round 142 (radius: 5)
[24:37:21 -310580.655585] SLOW spr round 143 (radius: 5)
[24:45:12 -310580.655578] SLOW spr round 144 (radius: 10)
[24:53:08 -310576.364615] SLOW spr round 145 (radius: 5)
[25:02:08 -310576.364236] SLOW spr round 146 (radius: 10)
[25:11:04 -310576.364236] SLOW spr round 147 (radius: 15)
[25:26:17 -310575.798911] SLOW spr round 148 (radius: 5)
[25:35:26 -310575.798907] SLOW spr round 149 (radius: 10)
[25:44:45 -310574.873434] SLOW spr round 150 (radius: 5)
[25:53:41 -310574.873434] SLOW spr round 151 (radius: 10)
[26:02:29 -310574.873434] SLOW spr round 152 (radius: 15)
[26:17:39 -310574.541047] SLOW spr round 153 (radius: 5)
[26:26:48 -310573.385879] SLOW spr round 154 (radius: 5)
[26:35:10 -310573.385788] SLOW spr round 155 (radius: 10)
[26:43:31 -310571.707005] SLOW spr round 156 (radius: 5)
[26:52:32 -310570.497362] SLOW spr round 157 (radius: 5)
[27:00:47 -310570.497080] SLOW spr round 158 (radius: 10)
[27:08:59 -310565.868843] SLOW spr round 159 (radius: 5)
[27:17:53 -310565.582585] SLOW spr round 160 (radius: 5)
[27:26:06 -310565.582584] SLOW spr round 161 (radius: 10)
[27:34:16 -310565.582584] SLOW spr round 162 (radius: 15)
[27:50:34 -310564.432504] SLOW spr round 163 (radius: 5)
[27:59:52 -310563.841870] SLOW spr round 164 (radius: 5)
[28:08:21 -310563.579480] SLOW spr round 165 (radius: 5)
[28:16:24 -310563.579480] SLOW spr round 166 (radius: 10)
[28:24:00 -310563.579480] SLOW spr round 167 (radius: 15)
[28:40:01 -310563.507651] SLOW spr round 168 (radius: 20)
[29:08:50 -310553.285615] SLOW spr round 169 (radius: 5)
[29:17:43 -310545.177280] SLOW spr round 170 (radius: 5)
[29:25:40 -310543.978069] SLOW spr round 171 (radius: 5)
[29:33:10 -310542.509686] SLOW spr round 172 (radius: 5)
[29:40:32 -310542.509665] SLOW spr round 173 (radius: 10)
[29:48:23 -310541.694608] SLOW spr round 174 (radius: 5)
[29:57:07 -310541.694555] SLOW spr round 175 (radius: 10)
[30:05:31 -310541.694555] SLOW spr round 176 (radius: 15)
[30:20:45 -310537.165296] SLOW spr round 177 (radius: 5)
[30:29:37 -310537.165269] SLOW spr round 178 (radius: 10)
[30:38:15 -310534.916228] SLOW spr round 179 (radius: 5)
[30:46:29 -310534.916228] SLOW spr round 180 (radius: 10)
[30:54:45 -310534.916228] SLOW spr round 181 (radius: 15)
[31:09:45 -310533.325801] SLOW spr round 182 (radius: 5)
[31:18:18 -310530.305834] SLOW spr round 183 (radius: 5)
[31:25:58 -310530.305803] SLOW spr round 184 (radius: 10)
[31:33:40 -310530.305803] SLOW spr round 185 (radius: 15)
[31:49:16 -310530.058767] SLOW spr round 186 (radius: 5)
[31:58:20 -310530.058765] SLOW spr round 187 (radius: 10)
[32:07:35 -310530.058765] SLOW spr round 188 (radius: 15)
[32:23:05 -310525.287838] SLOW spr round 189 (radius: 5)
[32:32:21 -310522.915013] SLOW spr round 190 (radius: 5)
[32:40:44 -310522.914943] SLOW spr round 191 (radius: 10)
[32:49:02 -310522.914943] SLOW spr round 192 (radius: 15)
[33:05:04 -310522.347098] SLOW spr round 193 (radius: 5)
[33:14:09 -310522.347013] SLOW spr round 194 (radius: 10)
[33:23:19 -310522.184034] SLOW spr round 195 (radius: 5)
[33:31:46 -310521.845409] SLOW spr round 196 (radius: 5)
[33:39:40 -310521.845409] SLOW spr round 197 (radius: 10)
[33:47:09 -310521.845409] SLOW spr round 198 (radius: 15)
[34:03:14 -310521.845409] SLOW spr round 199 (radius: 20)
[34:32:36 -310513.329479] SLOW spr round 200 (radius: 5)
[34:41:52 -310511.675564] SLOW spr round 201 (radius: 5)
[34:50:27 -310511.675398] SLOW spr round 202 (radius: 10)
[34:58:56 -310504.752773] SLOW spr round 203 (radius: 5)
[35:07:23 -310504.364750] SLOW spr round 204 (radius: 5)
[35:14:48 -310504.364750] SLOW spr round 205 (radius: 10)
[35:22:23 -310504.364750] SLOW spr round 206 (radius: 15)
[35:38:01 -310503.071059] SLOW spr round 207 (radius: 5)
[35:46:34 -310503.071036] SLOW spr round 208 (radius: 10)
[35:55:15 -310503.071036] SLOW spr round 209 (radius: 15)
[36:10:02 -310503.071036] SLOW spr round 210 (radius: 20)
[36:39:52 -310498.798177] SLOW spr round 211 (radius: 5)
[36:49:16 -310498.660152] SLOW spr round 212 (radius: 5)
[36:57:09 -310498.444618] SLOW spr round 213 (radius: 5)
[37:04:33 -310498.444539] SLOW spr round 214 (radius: 10)
[37:12:07 -310498.444539] SLOW spr round 215 (radius: 15)
[37:28:11 -310498.444539] SLOW spr round 216 (radius: 20)
[37:56:59 -310497.793459] SLOW spr round 217 (radius: 5)
[38:06:16 -310497.793384] SLOW spr round 218 (radius: 10)
[38:16:00 -310497.793384] SLOW spr round 219 (radius: 15)
[38:31:29 -310496.349831] SLOW spr round 220 (radius: 5)
[38:40:52 -310496.348424] SLOW spr round 221 (radius: 10)
[38:50:22 -310496.348419] SLOW spr round 222 (radius: 15)
[39:05:34 -310496.348419] SLOW spr round 223 (radius: 20)
[39:34:58 -310491.229516] SLOW spr round 224 (radius: 5)
[39:43:57 -310491.043812] SLOW spr round 225 (radius: 5)
[39:52:04 -310491.043812] SLOW spr round 226 (radius: 10)
[40:00:09 -310491.043812] SLOW spr round 227 (radius: 15)
[40:15:54 -310490.430455] SLOW spr round 228 (radius: 5)
[40:24:36 -310490.430453] SLOW spr round 229 (radius: 10)
[40:33:30 -310490.430453] SLOW spr round 230 (radius: 15)
[40:48:18 -310490.430453] SLOW spr round 231 (radius: 20)
[41:17:25 -310485.172667] SLOW spr round 232 (radius: 5)
[41:26:15 -310484.079997] SLOW spr round 233 (radius: 5)
[41:33:54 -310484.079986] SLOW spr round 234 (radius: 10)
[41:41:46 -310484.056937] SLOW spr round 235 (radius: 15)
[41:57:03 -310484.056937] SLOW spr round 236 (radius: 20)
[42:25:20 -310483.896923] SLOW spr round 237 (radius: 5)
[42:33:56 -310481.541066] SLOW spr round 238 (radius: 5)
[42:41:33 -310481.541058] SLOW spr round 239 (radius: 10)
[42:49:09 -310481.541058] SLOW spr round 240 (radius: 15)
[43:04:07 -310480.999025] SLOW spr round 241 (radius: 5)
[43:12:39 -310480.330364] SLOW spr round 242 (radius: 5)
[43:20:15 -310480.330363] SLOW spr round 243 (radius: 10)
[43:27:52 -310477.957545] SLOW spr round 244 (radius: 5)
[43:36:41 -310477.778452] SLOW spr round 245 (radius: 5)
[43:44:49 -310477.778409] SLOW spr round 246 (radius: 10)
[43:53:00 -310477.778409] SLOW spr round 247 (radius: 15)
[44:08:39 -310475.236175] SLOW spr round 248 (radius: 5)
[44:17:49 -310475.230973] SLOW spr round 249 (radius: 10)
[44:26:47 -310474.899191] SLOW spr round 250 (radius: 5)
[44:35:23 -310473.665187] SLOW spr round 251 (radius: 5)
[44:43:11 -310473.665187] SLOW spr round 252 (radius: 10)
[44:50:49 -310473.665187] SLOW spr round 253 (radius: 15)
[45:06:00 -310473.665187] SLOW spr round 254 (radius: 20)
[45:34:03 -310471.662366] SLOW spr round 255 (radius: 5)
[45:42:26 -310471.662303] SLOW spr round 256 (radius: 10)
[45:51:07 -310471.662302] SLOW spr round 257 (radius: 15)
[46:05:20 -310470.574917] SLOW spr round 258 (radius: 5)
[46:13:44 -310468.499998] SLOW spr round 259 (radius: 5)
[46:21:18 -310468.499959] SLOW spr round 260 (radius: 10)
[46:28:44 -310468.442007] SLOW spr round 261 (radius: 15)
[46:43:30 -310468.437321] SLOW spr round 262 (radius: 20)
[47:11:14 -310467.410822] SLOW spr round 263 (radius: 5)
[47:19:08 -310466.960043] SLOW spr round 264 (radius: 5)
[47:26:08 -310466.960042] SLOW spr round 265 (radius: 10)
[47:33:06 -310466.960042] SLOW spr round 266 (radius: 15)
[47:47:13 -310466.960042] SLOW spr round 267 (radius: 20)
[48:14:32 -310466.745412] SLOW spr round 268 (radius: 5)
[48:22:22 -310464.969490] SLOW spr round 269 (radius: 5)
[48:29:24 -310464.969357] SLOW spr round 270 (radius: 10)
[48:36:23 -310464.593722] SLOW spr round 271 (radius: 5)
[48:43:54 -310464.587659] SLOW spr round 272 (radius: 10)
[48:51:25 -310463.553912] SLOW spr round 273 (radius: 5)
[48:58:58 -310462.860745] SLOW spr round 274 (radius: 5)
[49:05:43 -310462.860745] SLOW spr round 275 (radius: 10)
[49:12:32 -310462.814070] SLOW spr round 276 (radius: 15)
[49:27:16 -310462.757519] SLOW spr round 277 (radius: 20)
[49:55:03 -310462.160514] SLOW spr round 278 (radius: 5)
[50:04:00 -310461.997902] SLOW spr round 279 (radius: 5)
[50:11:25 -310461.997902] SLOW spr round 280 (radius: 10)
[50:18:24 -310461.997902] SLOW spr round 281 (radius: 15)
[50:33:02 -310460.671230] SLOW spr round 282 (radius: 5)
[50:41:39 -310460.671204] SLOW spr round 283 (radius: 10)
[50:50:09 -310460.410703] SLOW spr round 284 (radius: 5)
[50:58:04 -310460.410521] SLOW spr round 285 (radius: 10)
[51:06:12 -310460.410521] SLOW spr round 286 (radius: 15)
[51:20:37 -310460.410521] SLOW spr round 287 (radius: 20)
[51:48:35 -310460.276588] SLOW spr round 288 (radius: 5)
[51:56:51 -310460.276450] SLOW spr round 289 (radius: 10)
[52:05:41 -310460.276450] SLOW spr round 290 (radius: 15)
[52:20:15 -310460.276450] SLOW spr round 291 (radius: 20)
[52:49:13 -310460.156844] SLOW spr round 292 (radius: 5)
[52:57:59 -310460.156184] SLOW spr round 293 (radius: 10)
[53:06:39 -310460.156178] SLOW spr round 294 (radius: 15)
[53:20:44 -310460.156178] SLOW spr round 295 (radius: 20)
[53:49:01 -310460.130993] SLOW spr round 296 (radius: 25)
[54:29:30 -310409.404238] SLOW spr round 297 (radius: 5)
[54:37:52 -310395.736809] SLOW spr round 298 (radius: 5)
[54:45:17 -310388.037169] SLOW spr round 299 (radius: 5)
[54:52:26 -310386.432574] SLOW spr round 300 (radius: 5)
[54:59:43 -310385.367110] SLOW spr round 301 (radius: 5)
[55:06:59 -310385.367105] SLOW spr round 302 (radius: 10)
[55:14:31 -310382.258781] SLOW spr round 303 (radius: 5)
[55:23:14 -310378.120204] SLOW spr round 304 (radius: 5)
[55:31:17 -310377.742791] SLOW spr round 305 (radius: 5)
[55:38:53 -310377.742292] SLOW spr round 306 (radius: 10)
[55:46:27 -310377.742249] SLOW spr round 307 (radius: 15)
[56:02:21 -310374.729526] SLOW spr round 308 (radius: 5)
[56:11:23 -310373.088873] SLOW spr round 309 (radius: 5)
[56:19:26 -310373.088872] SLOW spr round 310 (radius: 10)
[56:27:30 -310370.100659] SLOW spr round 311 (radius: 5)
[56:35:51 -310369.749946] SLOW spr round 312 (radius: 5)
[56:43:15 -310369.749737] SLOW spr round 313 (radius: 10)
[56:50:55 -310369.749736] SLOW spr round 314 (radius: 15)
[57:06:20 -310368.139085] SLOW spr round 315 (radius: 5)
[57:14:43 -310366.487986] SLOW spr round 316 (radius: 5)
[57:22:16 -310366.487986] SLOW spr round 317 (radius: 10)
[57:29:50 -310365.929017] SLOW spr round 318 (radius: 5)
[57:38:08 -310365.928713] SLOW spr round 319 (radius: 10)
[57:46:42 -310365.864356] SLOW spr round 320 (radius: 15)
[58:01:18 -310365.535928] SLOW spr round 321 (radius: 5)
[58:09:48 -310363.771704] SLOW spr round 322 (radius: 5)
[58:17:23 -310363.771555] SLOW spr round 323 (radius: 10)
[58:24:52 -310363.771555] SLOW spr round 324 (radius: 15)
[58:39:33 -310363.771555] SLOW spr round 325 (radius: 20)
[59:07:33 -310361.407051] SLOW spr round 326 (radius: 5)
[59:16:08 -310357.997040] SLOW spr round 327 (radius: 5)
[59:23:54 -310357.997034] SLOW spr round 328 (radius: 10)
[59:31:29 -310356.980783] SLOW spr round 329 (radius: 5)
[59:39:29 -310356.980725] SLOW spr round 330 (radius: 10)
[59:47:31 -310356.444678] SLOW spr round 331 (radius: 5)
[59:55:30 -310356.444678] SLOW spr round 332 (radius: 10)
[60:03:27 -310356.444678] SLOW spr round 333 (radius: 15)
[60:18:11 -310356.444678] SLOW spr round 334 (radius: 20)
[60:47:20 -310353.205608] SLOW spr round 335 (radius: 5)
[60:55:37 -310352.821639] SLOW spr round 336 (radius: 5)
[61:02:53 -310352.821568] SLOW spr round 337 (radius: 10)
[61:10:04 -310352.821568] SLOW spr round 338 (radius: 15)
[61:24:51 -310352.821568] SLOW spr round 339 (radius: 20)
[61:54:13 -310351.948116] SLOW spr round 340 (radius: 5)
[62:03:11 -310351.947973] SLOW spr round 341 (radius: 10)
[62:12:23 -310349.979914] SLOW spr round 342 (radius: 5)
[62:20:13 -310346.715070] SLOW spr round 343 (radius: 5)
[62:27:15 -310346.715012] SLOW spr round 344 (radius: 10)
[62:34:40 -310345.163699] SLOW spr round 345 (radius: 5)
[62:42:53 -310344.087472] SLOW spr round 346 (radius: 5)
[62:50:15 -310344.087462] SLOW spr round 347 (radius: 10)
[62:57:35 -310342.685142] SLOW spr round 348 (radius: 5)
[63:06:06 -310342.685139] SLOW spr round 349 (radius: 10)
[63:14:41 -310342.685139] SLOW spr round 350 (radius: 15)
[63:29:46 -310342.685139] SLOW spr round 351 (radius: 20)
[63:59:23 -310341.855934] SLOW spr round 352 (radius: 5)
[64:08:18 -310341.855930] SLOW spr round 353 (radius: 10)
[64:17:28 -310341.855930] SLOW spr round 354 (radius: 15)
[64:32:21 -310341.855930] SLOW spr round 355 (radius: 20)
[65:02:06 -310341.855930] SLOW spr round 356 (radius: 25)
[65:43:31 -310331.755120] SLOW spr round 357 (radius: 5)
[65:53:08 -310325.101201] SLOW spr round 358 (radius: 5)
[66:01:50 -310322.854777] SLOW spr round 359 (radius: 5)
[66:10:01 -310322.584043] SLOW spr round 360 (radius: 5)
[66:17:54 -310322.584042] SLOW spr round 361 (radius: 10)
[66:25:56 -310322.563126] SLOW spr round 362 (radius: 15)
[66:42:54 -310314.144916] SLOW spr round 363 (radius: 5)
[66:52:20 -310309.215672] SLOW spr round 364 (radius: 5)
[67:00:24 -310309.215548] SLOW spr round 365 (radius: 10)
[67:08:16 -310307.857481] SLOW spr round 366 (radius: 5)
[67:17:08 -310306.907695] SLOW spr round 367 (radius: 5)
[67:25:29 -310306.907691] SLOW spr round 368 (radius: 10)
[67:33:48 -310306.907691] SLOW spr round 369 (radius: 15)
[67:50:33 -310306.907691] SLOW spr round 370 (radius: 20)
[68:20:49 -310306.142622] SLOW spr round 371 (radius: 5)
[68:30:57 -310306.142470] SLOW spr round 372 (radius: 10)
[68:41:03 -310306.142470] SLOW spr round 373 (radius: 15)
[68:57:22 -310303.270094] SLOW spr round 374 (radius: 5)
[69:08:15 -310303.270022] SLOW spr round 375 (radius: 10)
[69:18:57 -310303.270022] SLOW spr round 376 (radius: 15)
[69:35:23 -310303.270022] SLOW spr round 377 (radius: 20)
[70:06:39 -310301.573927] SLOW spr round 378 (radius: 5)
[70:17:06 -310301.504833] SLOW spr round 379 (radius: 10)
[70:27:33 -310299.891909] SLOW spr round 380 (radius: 5)
[70:37:22 -310299.030214] SLOW spr round 381 (radius: 5)
[70:47:02 -310299.030077] SLOW spr round 382 (radius: 10)
[70:56:43 -310299.006979] SLOW spr round 383 (radius: 15)
[71:13:40 -310299.004813] SLOW spr round 384 (radius: 20)
[71:43:14 -310299.002732] SLOW spr round 385 (radius: 25)
[72:24:54 -310293.645080] SLOW spr round 386 (radius: 5)
[72:35:19 -310293.313536] SLOW spr round 387 (radius: 5)
[72:44:48 -310293.313530] SLOW spr round 388 (radius: 10)
[72:54:15 -310293.313530] SLOW spr round 389 (radius: 15)
[73:11:35 -310292.568421] SLOW spr round 390 (radius: 5)
[73:22:45 -310292.568363] SLOW spr round 391 (radius: 10)
[73:34:06 -310292.568363] SLOW spr round 392 (radius: 15)
[73:51:16 -310292.568363] SLOW spr round 393 (radius: 20)
[74:22:03 -310292.568363] SLOW spr round 394 (radius: 25)
[75:02:50 -310291.478834] SLOW spr round 395 (radius: 5)
[75:11:44 -310290.427297] SLOW spr round 396 (radius: 5)
[75:21:11 -310290.427296] SLOW spr round 397 (radius: 10)
[75:30:05 -310290.427296] SLOW spr round 398 (radius: 15)
[75:45:24 -310290.427296] SLOW spr round 399 (radius: 20)
[76:15:10 -310290.323878] SLOW spr round 400 (radius: 5)
[76:23:51 -310290.323878] SLOW spr round 401 (radius: 10)
[76:32:51 -310290.323878] SLOW spr round 402 (radius: 15)
[76:47:34 -310290.323878] SLOW spr round 403 (radius: 20)
[77:17:25 -310290.323878] SLOW spr round 404 (radius: 25)
[77:58:40 -310289.941449] SLOW spr round 405 (radius: 5)
[78:08:23 -310286.258977] SLOW spr round 406 (radius: 5)
[78:17:14 -310286.258976] SLOW spr round 407 (radius: 10)
[78:26:02 -310286.258976] SLOW spr round 408 (radius: 15)
[78:42:04 -310286.258976] SLOW spr round 409 (radius: 20)
[79:11:55 -310286.258976] SLOW spr round 410 (radius: 25)
[79:52:57 -310286.220251] Model parameter optimization (eps = 0.100000)

[79:53:28] ML tree search #1, logLikelihood: -310248.975650


Optimized model parameters:

   Partition 0: noname
   Rate heterogeneity: GAMMA (6 cats, mean),  alpha: 0.484897 (ML),  weights&rates: (0.166667,0.013133) (0.166667,0.099438) (0.166667,0.296277) (0.166667,0.659201) (0.166667,1.349992) (0.166667,3.581960) 
   Base frequencies (ML): 0.448930 0.166587 0.182847 0.201636 
   Substitution rates (ML): 1.787956 8.181361 0.910962 0.756269 11.120422 1.000000 

Final LogLikelihood: -310248.975650

AIC score: 635061.951301 / AICc score: 106704673.951301 / BIC score: 669885.873852
Free parameters (model + branch lengths): 7282

WARNING: Number of free parameters (K=7282) is larger than alignment size (n=882).
         This might lead to overfitting and compromise tree inference results!


Best ML tree saved to: /pasteur/homes/azhukova/projects/pastml_atlas/examples/HIV1C/data/0/raxml_alignment.norecombinants.nodrm.fa.raxml.bestTree
Optimized model saved to: /pasteur/homes/azhukova/projects/pastml_atlas/examples/HIV1C/data/0/raxml_alignment.norecombinants.nodrm.fa.raxml.bestModel

Execution log saved to: /pasteur/homes/azhukova/projects/pastml_atlas/examples/HIV1C/data/0/raxml_alignment.norecombinants.nodrm.fa.raxml.log

Analysis started: 18-Jan-2019 18:52:57 / finished: 22-Jan-2019 02:46:25

Elapsed time: 287608.697 seconds (this run) / 287685.815 seconds (total with restarts)

