
LEAST-SQUARE METHODS TO ESTIMATE RATES AND DATES - v0.3beta 


Input files:
  I                                 Input tree file : /home/azhukova/Pasteur/projects/pastml/examples/DENV2/data/resampled/4/raxml_tree.nwk
  D                                 Input date file : /home/azhukova/Pasteur/projects/pastml/examples/DENV2/data/resampled/4/dates.tab
  P                                  Partition file : No
Output file:
  O                                    Output file  : /home/azhukova/Pasteur/projects/pastml/examples/DENV2/data/resampled/4/raxml_tree.dated
Parameters:
  C                                With constraints : Yes
  T                        Lower bound for the rate : 1.000e-10
  V                                  With variances : Yes, use variances based on branches estimated by LSD
  B                          Parameter of variances : 10
  S                                 Sequence Length : 10188
  R                               Estimate the root : Use fast method to search on all branches
  W                         Given substitution rate : No
  G                                 Given outgroups : No
  N                               Multiple data set : No
  F                    Compute confidence intervals : Yes, sampling 1000 times

  H to print Help 
  Y to accept or type a letter to change an option (Q = Exit) 
Tree 1 rate 2.751e-04 , tMRCA 1229.004994 , objective function 2.404659e+03
Re-estimate using variances based on the branch lengths of the previous run ...
rate 3.001e-04 , tMRCA 1268.834595 , objective function 5.093857e+03
rate 3.001e-04 [2.764e-04 , 3.203e-04] , tMRCA 1268.834595 [1204.705595 , 1314.783387] , objective function 5.093857e+03


*********************************************************
Elapsed time: 15.93 seconds
