
LEAST-SQUARE METHODS TO ESTIMATE RATES AND DATES - v0.3beta 


Input files:
  I                                 Input tree file : /home/azhukova/Pasteur/projects/pastml/examples/DENV2/data/resampled/3/fast_tree.nwk
  D                                 Input date file : /home/azhukova/Pasteur/projects/pastml/examples/DENV2/data/resampled/3/dates.tab
  P                                  Partition file : No
Output file:
  O                                    Output file  : /home/azhukova/Pasteur/projects/pastml/examples/DENV2/data/resampled/3/fast_tree.dated
Parameters:
  C                                With constraints : Yes
  T                        Lower bound for the rate : 1.000e-10
  V                                  With variances : Yes, use variances based on branches estimated by LSD
  B                          Parameter of variances : 10
  S                                 Sequence Length : 10188
  R                               Estimate the root : Use fast method to search on all branches
  W                         Given substitution rate : No
  G                                 Given outgroups : No
  N                               Multiple data set : No
  F                    Compute confidence intervals : Yes, sampling 1000 times

  H to print Help 
  Y to accept or type a letter to change an option (Q = Exit) 
Tree 1 rate 2.666e-04 , tMRCA 1234.377917 , objective function 2.461195e+03
Re-estimate using variances based on the branch lengths of the previous run ...
rate 4.677e-04 , tMRCA 1545.995056 , objective function 2.442423e+03
rate 4.677e-04 [4.422e-04 , 4.904e-04] , tMRCA 1545.995056 [1519.686466 , 1568.074147] , objective function 2.442423e+03


*********************************************************
Elapsed time: 10.33 seconds
