
LEAST-SQUARE METHODS TO ESTIMATE RATES AND DATES - v0.3beta 


Input files:
  I                                 Input tree file : /home/azhukova/Pasteur/projects/pastml/examples/DENV2/data/resampled/3/raxml_tree.nwk
  D                                 Input date file : /home/azhukova/Pasteur/projects/pastml/examples/DENV2/data/resampled/3/dates.tab
  P                                  Partition file : No
Output file:
  O                                    Output file  : /home/azhukova/Pasteur/projects/pastml/examples/DENV2/data/resampled/3/raxml_tree.dated
Parameters:
  C                                With constraints : Yes
  T                        Lower bound for the rate : 1.000e-10
  V                                  With variances : Yes, use variances based on branches estimated by LSD
  B                          Parameter of variances : 10
  S                                 Sequence Length : 10188
  R                               Estimate the root : Use fast method to search on all branches
  W                         Given substitution rate : No
  G                                 Given outgroups : No
  N                               Multiple data set : No
  F                    Compute confidence intervals : Yes, sampling 1000 times

  H to print Help 
  Y to accept or type a letter to change an option (Q = Exit) 
Tree 1 rate 2.085e-04 , tMRCA 980.209956 , objective function 2.027363e+03
Re-estimate using variances based on the branch lengths of the previous run ...
rate 3.488e-04 , tMRCA 1370.949804 , objective function 2.101813e+03
rate 3.488e-04 [3.272e-04 , 3.681e-04] , tMRCA 1370.949804 [1326.701662 , 1404.547605] , objective function 2.101813e+03


*********************************************************
Elapsed time: 15.96 seconds
