
 oooooooooooooooooooooooooooooooooooooooooooooooooooooooooooooooooooooooooooooooooooooooooooooooo
                                  ---  PhyML 3.3.20180621  ---                                             
                              http://www.atgc-montpellier.fr/phyml                                          
                             Copyright CNRS - Universite Montpellier                                 
 oooooooooooooooooooooooooooooooooooooooooooooooooooooooooooooooooooooooooooooooooooooooooooooooo

. Sequence filename: 			phml_alignment.norecombinants.nodrm.fa
. Data set: 				#1
. Tree topology search: 		SPRs
. Initial tree: 			user tree (/pasteur/homes/azhukova/projects/pastml_atlas/examples/HIV1C/data/4/pars_tree.nwk)
. Model of nucleotides substitution: 	GTR
. Number of taxa: 			3638
. Log-likelihood: 			-309629.70914
. Unconstrained log-likelihood: 	-5888.63557
. Composite log-likelihood: 		-4292726.98434
. Parsimony: 				65632
. Tree size: 				177.80264
. Discrete gamma model: 		Yes
  - Number of classes: 			6
  - Gamma shape parameter: 		0.477
  - Relative rate in class 1: 		0.01236 [freq=0.166667] 		
  - Relative rate in class 2: 		0.09605 [freq=0.166667] 		
  - Relative rate in class 3: 		0.29043 [freq=0.166667] 		
  - Relative rate in class 4: 		0.65256 [freq=0.166667] 		
  - Relative rate in class 5: 		1.34654 [freq=0.166667] 		
  - Relative rate in class 6: 		3.60207 [freq=0.166667] 		
. Nucleotides frequencies:
  - f(A)=  0.46880
  - f(C)=  0.16782
  - f(G)=  0.18042
  - f(T)=  0.18296
. GTR relative rate parameters : 
  A <-> C    1.53191
  A <-> G    7.21521
  A <-> T    0.86636
  C <-> G    0.68287
  C <-> T   11.08532
  G <-> T    1.00000

. Instantaneous rate matrix : 
  [A---------C---------G---------T------]
  -0.71607   0.10720   0.54278   0.06609  
   0.29945  -1.19647   0.05137   0.84566  
   1.41037   0.04778  -1.53444   0.07629  
   0.16935   0.77571   0.07523  -1.02029  



. Run ID:				none
. Random seed:				239
. Subtree patterns aliasing:		no
. Version:				3.3.20180621
. Time used:				330h57m49s (1191469 seconds)

 oooooooooooooooooooooooooooooooooooooooooooooooooooooooooooooooooooooooooooooooooooooooooooooooo
 Suggested citations:
 S. Guindon, JF. Dufayard, V. Lefort, M. Anisimova, W. Hordijk, O. Gascuel
 "New algorithms and methods to estimate maximum-likelihood phylogenies: assessing the performance of PhyML 3.0."
 Systematic Biology. 2010. 59(3):307-321.

 S. Guindon & O. Gascuel
 "A simple, fast, and accurate algorithm to estimate large phylogenies by maximum likelihood"
 Systematic Biology. 2003. 52(5):696-704.
 oooooooooooooooooooooooooooooooooooooooooooooooooooooooooooooooooooooooooooooooooooooooooooooooo
