
RAxML-NG v. 0.8.0git BETA released on 11.01.2019 by The Exelixis Lab.
Authors: Alexey Kozlov, Alexandros Stamatakis, Diego Darriba, Tomas Flouri, Benoit Morel.
Latest version: https://github.com/amkozlov/raxml-ng
Questions/problems/suggestions? Please visit: https://groups.google.com/forum/#!forum/raxml

WARNING: This is a BETA release, please use at your own risk!

RAxML-NG was called at 18-Jan-2019 18:47:04 as follows:

raxml-ng --tree /pasteur/homes/azhukova/projects/pastml_atlas/examples/HIV1C/data/4/pars_tree.nwk --model GTR+G6 --msa /pasteur/homes/azhukova/projects/pastml_atlas/examples/HIV1C/data/4/raxml_alignment.norecombinants.nodrm.fa --msa-format FASTA --data-type DNA --seed 239 --threads 12 --force

Analysis options:
  run mode: ML tree search
  start tree(s): user
  random seed: 239
  tip-inner: OFF
  pattern compression: ON
  per-rate scalers: OFF
  site repeats: ON
  fast spr radius: AUTO
  spr subtree cutoff: 1.000000
  branch lengths: proportional (ML estimate, algorithm: NR-FAST)
  SIMD kernels: AVX2
  parallelization: PTHREADS (12 threads), thread pinning: OFF

WARNING: Running in FORCE mode: all safety checks are disabled!

[00:00:00] Reading alignment from file: /pasteur/homes/azhukova/projects/pastml_atlas/examples/HIV1C/data/4/raxml_alignment.norecombinants.nodrm.fa
[00:00:00] Loaded alignment with 3638 taxa and 882 sites

Alignment comprises 1 partitions and 842 patterns

Partition 0: noname
Model: GTR+FO+G6m
Alignment sites / patterns: 882 / 842
Gaps: 0.03 %
Invariant sites: 2.61 %


NOTE: Binary MSA file created: /pasteur/homes/azhukova/projects/pastml_atlas/examples/HIV1C/data/4/raxml_alignment.norecombinants.nodrm.fa.raxml.rba

[00:00:00] Loading user starting tree(s) from: /pasteur/homes/azhukova/projects/pastml_atlas/examples/HIV1C/data/4/pars_tree.nwk
[00:00:00] Data distribution: max. partitions/sites/weight per thread: 1 / 71 / 1704

Starting ML tree search with 1 distinct starting trees

[00:00:00 -399373.830365] Initial branch length optimization
[00:00:03 -351350.721369] Model parameter optimization (eps = 10.000000)
[00:00:58 -320102.846042] AUTODETECT spr round 1 (radius: 5)
[00:04:08 -317469.653897] AUTODETECT spr round 2 (radius: 10)

RAxML-NG v. 0.8.0git BETA released on 11.01.2019 by The Exelixis Lab.
Authors: Alexey Kozlov, Alexandros Stamatakis, Diego Darriba, Tomas Flouri, Benoit Morel.
Latest version: https://github.com/amkozlov/raxml-ng
Questions/problems/suggestions? Please visit: https://groups.google.com/forum/#!forum/raxml

WARNING: This is a BETA release, please use at your own risk!

RAxML-NG was called at 18-Jan-2019 18:52:57 as follows:

raxml-ng --tree /pasteur/homes/azhukova/projects/pastml_atlas/examples/HIV1C/data/4/pars_tree.nwk --model GTR+G6 --msa /pasteur/homes/azhukova/projects/pastml_atlas/examples/HIV1C/data/4/raxml_alignment.norecombinants.nodrm.fa --msa-format FASTA --data-type DNA --seed 239 --threads 12 --force

Analysis options:
  run mode: ML tree search
  start tree(s): user
  random seed: 239
  tip-inner: OFF
  pattern compression: ON
  per-rate scalers: OFF
  site repeats: ON
  fast spr radius: AUTO
  spr subtree cutoff: 1.000000
  branch lengths: proportional (ML estimate, algorithm: NR-FAST)
  SIMD kernels: AVX2
  parallelization: PTHREADS (12 threads), thread pinning: OFF

WARNING: Running in FORCE mode: all safety checks are disabled!

WARNING: The model you specified on the command line (GTR+G6) will be ignored 
         since the binary MSA file already contains a model definition.
         If you want to change the model, please re-run RAxML-NG 
         with the original PHYLIP/FASTA alignment and --redo option.

[00:00:00] Loading binary alignment from file: /pasteur/homes/azhukova/projects/pastml_atlas/examples/HIV1C/data/4/raxml_alignment.norecombinants.nodrm.fa.raxml.rba
[00:00:00] Alignment comprises 3638 taxa, 1 partitions and 842 patterns

Partition 0: noname
Model: GTR+FO+G6m
Alignment sites / patterns: 882 / 842
Gaps: 0.03 %
Invariant sites: 2.61 %


[00:00:00] NOTE: Resuming execution from checkpoint (logLH: -317469.65, ML trees: 0, bootstraps: 0)
[00:00:00] Data distribution: max. partitions/sites/weight per thread: 1 / 71 / 1704

Starting ML tree search with 1 distinct starting trees

[00:00:00 -317469.653897] AUTODETECT spr round 2 (radius: 10)
[00:03:30 -316298.082310] AUTODETECT spr round 3 (radius: 15)
[00:07:42 -315345.173708] AUTODETECT spr round 4 (radius: 20)
[00:12:49 -314708.191804] AUTODETECT spr round 5 (radius: 25)
[00:18:59 -314189.613085] SPR radius for FAST iterations: 25 (autodetect)
[00:18:59 -314189.613085] Model parameter optimization (eps = 3.000000)
[00:19:17 -314132.737640] FAST spr round 1 (radius: 25)
[00:29:34 -312267.560558] FAST spr round 2 (radius: 25)
[00:37:54 -311658.331676] FAST spr round 3 (radius: 25)
[00:45:00 -311435.302578] FAST spr round 4 (radius: 25)
[00:51:14 -311325.718737] FAST spr round 5 (radius: 25)
[00:56:50 -311243.536724] FAST spr round 6 (radius: 25)
[01:02:00 -311210.272371] FAST spr round 7 (radius: 25)
[01:06:51 -311197.040006] FAST spr round 8 (radius: 25)
[01:11:31 -311173.540509] FAST spr round 9 (radius: 25)
[01:15:58 -311168.243647] FAST spr round 10 (radius: 25)
[01:20:15 -311168.243467] Model parameter optimization (eps = 1.000000)
[01:20:28 -311157.587145] SLOW spr round 1 (radius: 5)
[01:25:42 -311025.878199] SLOW spr round 2 (radius: 5)
[01:30:43 -310990.802519] SLOW spr round 3 (radius: 5)
[01:35:32 -310983.128482] SLOW spr round 4 (radius: 5)
[01:40:07 -310983.124686] SLOW spr round 5 (radius: 10)
[01:45:17 -310923.442311] SLOW spr round 6 (radius: 5)
[01:51:40 -310899.830479] SLOW spr round 7 (radius: 5)
[01:57:41 -310896.386475] SLOW spr round 8 (radius: 5)
[02:03:30 -310896.185020] SLOW spr round 9 (radius: 5)
[02:09:07 -310896.153023] SLOW spr round 10 (radius: 10)
[02:14:54 -310880.752573] SLOW spr round 11 (radius: 5)
[02:21:12 -310868.600527] SLOW spr round 12 (radius: 5)
[02:27:08 -310867.362678] SLOW spr round 13 (radius: 5)
[02:32:48 -310867.362622] SLOW spr round 14 (radius: 10)
[02:38:33 -310859.838177] SLOW spr round 15 (radius: 5)
[02:44:49 -310855.683138] SLOW spr round 16 (radius: 5)
[02:50:40 -310855.640207] SLOW spr round 17 (radius: 10)
[02:56:32 -310849.127309] SLOW spr round 18 (radius: 5)
[03:02:48 -310844.372822] SLOW spr round 19 (radius: 5)
[03:08:40 -310844.372473] SLOW spr round 20 (radius: 10)
[03:14:30 -310843.113764] SLOW spr round 21 (radius: 5)
[03:20:42 -310842.613440] SLOW spr round 22 (radius: 5)
[03:26:32 -310842.613439] SLOW spr round 23 (radius: 10)
[03:32:22 -310842.088074] SLOW spr round 24 (radius: 5)
[03:38:33 -310841.487996] SLOW spr round 25 (radius: 5)
[03:44:21 -310841.487962] SLOW spr round 26 (radius: 10)
[03:50:12 -310840.972994] SLOW spr round 27 (radius: 5)
[03:56:21 -310840.972938] SLOW spr round 28 (radius: 10)
[04:02:32 -310840.600436] SLOW spr round 29 (radius: 5)
[04:08:33 -310839.370602] SLOW spr round 30 (radius: 5)
[04:14:18 -310839.370595] SLOW spr round 31 (radius: 10)
[04:20:03 -310839.144852] SLOW spr round 32 (radius: 5)
[04:26:13 -310839.144496] SLOW spr round 33 (radius: 10)
[04:32:20 -310839.132525] SLOW spr round 34 (radius: 15)
[04:41:37 -310780.953439] SLOW spr round 35 (radius: 5)
[04:48:01 -310753.098042] SLOW spr round 36 (radius: 5)
[04:54:16 -310745.491600] SLOW spr round 37 (radius: 5)
[05:00:40 -310739.219377] SLOW spr round 38 (radius: 5)
[05:06:53 -310736.559359] SLOW spr round 39 (radius: 5)
[05:13:03 -310736.557671] SLOW spr round 40 (radius: 10)
[05:19:31 -310719.087590] SLOW spr round 41 (radius: 5)
[05:26:13 -310712.582919] SLOW spr round 42 (radius: 5)
[05:32:07 -310709.966029] SLOW spr round 43 (radius: 5)
[05:37:47 -310709.965725] SLOW spr round 44 (radius: 10)
[05:43:59 -310706.381548] SLOW spr round 45 (radius: 5)
[05:51:10 -310704.192840] SLOW spr round 46 (radius: 5)
[05:57:48 -310704.192822] SLOW spr round 47 (radius: 10)
[06:04:29 -310703.362984] SLOW spr round 48 (radius: 5)
[06:11:28 -310702.518096] SLOW spr round 49 (radius: 5)
[06:18:07 -310702.518095] SLOW spr round 50 (radius: 10)
[06:24:47 -310702.075249] SLOW spr round 51 (radius: 5)
[06:31:18 -310702.075249] SLOW spr round 52 (radius: 10)
[06:37:29 -310701.648272] SLOW spr round 53 (radius: 5)
[06:43:36 -310701.648263] SLOW spr round 54 (radius: 10)
[06:49:47 -310701.314215] SLOW spr round 55 (radius: 5)
[06:55:55 -310701.314097] SLOW spr round 56 (radius: 10)
[07:02:03 -310701.000020] SLOW spr round 57 (radius: 5)
[07:08:11 -310700.958149] SLOW spr round 58 (radius: 10)
[07:14:18 -310698.355133] SLOW spr round 59 (radius: 5)
[07:21:02 -310698.355112] SLOW spr round 60 (radius: 10)
[07:28:02 -310698.355112] SLOW spr round 61 (radius: 15)
[07:38:28 -310680.045388] SLOW spr round 62 (radius: 5)
[07:45:42 -310676.092576] SLOW spr round 63 (radius: 5)
[07:52:29 -310674.583522] SLOW spr round 64 (radius: 5)
[07:59:03 -310674.582387] SLOW spr round 65 (radius: 10)
[08:05:36 -310673.827003] SLOW spr round 66 (radius: 5)
[08:12:39 -310673.735100] SLOW spr round 67 (radius: 10)
[08:19:41 -310673.691506] SLOW spr round 68 (radius: 15)
[08:30:03 -310664.314708] SLOW spr round 69 (radius: 5)
[08:37:19 -310660.693490] SLOW spr round 70 (radius: 5)
[08:44:04 -310660.693490] SLOW spr round 71 (radius: 10)
[08:50:54 -310658.588008] SLOW spr round 72 (radius: 5)
[08:57:58 -310658.587960] SLOW spr round 73 (radius: 10)
[09:05:02 -310658.530518] SLOW spr round 74 (radius: 15)
[09:15:25 -310655.937505] SLOW spr round 75 (radius: 5)
[09:22:42 -310650.965315] SLOW spr round 76 (radius: 5)
[09:29:29 -310650.964937] SLOW spr round 77 (radius: 10)
[09:36:13 -310650.964937] SLOW spr round 78 (radius: 15)
[09:46:49 -310649.635992] SLOW spr round 79 (radius: 5)
[09:53:58 -310649.631938] SLOW spr round 80 (radius: 10)
[10:01:13 -310649.631933] SLOW spr round 81 (radius: 15)
[10:11:30 -310649.027124] SLOW spr round 82 (radius: 5)
[10:18:05 -310648.145563] SLOW spr round 83 (radius: 5)
[10:24:09 -310648.145560] SLOW spr round 84 (radius: 10)
[10:30:15 -310646.313559] SLOW spr round 85 (radius: 5)
[10:36:38 -310644.669342] SLOW spr round 86 (radius: 5)
[10:43:08 -310644.669123] SLOW spr round 87 (radius: 10)
[10:49:52 -310644.669123] SLOW spr round 88 (radius: 15)
[11:00:38 -310641.385343] SLOW spr round 89 (radius: 5)
[11:07:54 -310639.288907] SLOW spr round 90 (radius: 5)
[11:14:07 -310639.288864] SLOW spr round 91 (radius: 10)
[11:20:04 -310638.429444] SLOW spr round 92 (radius: 5)
[11:26:17 -310638.429410] SLOW spr round 93 (radius: 10)
[11:33:21 -310638.429410] SLOW spr round 94 (radius: 15)
[11:43:47 -310636.433986] SLOW spr round 95 (radius: 5)
[11:51:02 -310635.566723] SLOW spr round 96 (radius: 5)
[11:57:54 -310635.424440] SLOW spr round 97 (radius: 5)
[12:04:29 -310635.424440] SLOW spr round 98 (radius: 10)
[12:11:08 -310635.205362] SLOW spr round 99 (radius: 5)
[12:18:16 -310635.203849] SLOW spr round 100 (radius: 10)
[12:25:24 -310635.203849] SLOW spr round 101 (radius: 15)
[12:35:54 -310635.052888] SLOW spr round 102 (radius: 5)
[12:43:10 -310634.235312] SLOW spr round 103 (radius: 5)
[12:50:01 -310633.924730] SLOW spr round 104 (radius: 5)
[12:56:42 -310633.898787] SLOW spr round 105 (radius: 10)
[13:03:22 -310633.623115] SLOW spr round 106 (radius: 5)
[13:10:31 -310633.623080] SLOW spr round 107 (radius: 10)
[13:17:41 -310633.623080] SLOW spr round 108 (radius: 15)
[13:28:13 -310633.582959] SLOW spr round 109 (radius: 20)
[13:45:32 -310581.084350] SLOW spr round 110 (radius: 5)
[13:53:55 -310552.488056] SLOW spr round 111 (radius: 5)
[14:01:35 -310544.171670] SLOW spr round 112 (radius: 5)
[14:09:03 -310544.171567] SLOW spr round 113 (radius: 10)
[14:16:45 -310540.599832] SLOW spr round 114 (radius: 5)
[14:24:36 -310540.599784] SLOW spr round 115 (radius: 10)
[14:31:28 -310537.412635] SLOW spr round 116 (radius: 5)
[14:38:20 -310535.251404] SLOW spr round 117 (radius: 5)
[14:44:52 -310534.567895] SLOW spr round 118 (radius: 5)
[14:51:13 -310534.080218] SLOW spr round 119 (radius: 5)
[14:57:27 -310534.080217] SLOW spr round 120 (radius: 10)
[15:03:43 -310532.179431] SLOW spr round 121 (radius: 5)
[15:10:37 -310531.822589] SLOW spr round 122 (radius: 5)
[15:17:07 -310531.611418] SLOW spr round 123 (radius: 5)
[15:23:24 -310531.611398] SLOW spr round 124 (radius: 10)
[15:29:44 -310531.210443] SLOW spr round 125 (radius: 5)
[15:36:37 -310531.105212] SLOW spr round 126 (radius: 5)
[15:43:07 -310531.105189] SLOW spr round 127 (radius: 10)
[15:49:34 -310530.827553] SLOW spr round 128 (radius: 5)
[15:56:22 -310530.827550] SLOW spr round 129 (radius: 10)
[16:03:12 -310530.827550] SLOW spr round 130 (radius: 15)
[16:13:37 -310522.028235] SLOW spr round 131 (radius: 5)
[16:20:41 -310519.992748] SLOW spr round 132 (radius: 5)
[16:27:16 -310519.986232] SLOW spr round 133 (radius: 10)
[16:33:48 -310518.476872] SLOW spr round 134 (radius: 5)
[16:40:35 -310518.476464] SLOW spr round 135 (radius: 10)
[16:47:22 -310518.476310] SLOW spr round 136 (radius: 15)
[16:57:40 -310518.118606] SLOW spr round 137 (radius: 5)
[17:04:37 -310518.118599] SLOW spr round 138 (radius: 10)
[17:11:11 -310518.118599] SLOW spr round 139 (radius: 15)
[17:20:41 -310517.695725] SLOW spr round 140 (radius: 5)
[17:27:18 -310517.695723] SLOW spr round 141 (radius: 10)
[17:34:22 -310517.058607] SLOW spr round 142 (radius: 5)
[17:41:14 -310516.198166] SLOW spr round 143 (radius: 5)
[17:47:43 -310516.194811] SLOW spr round 144 (radius: 10)
[17:54:08 -310516.194811] SLOW spr round 145 (radius: 15)
[18:04:41 -310514.787706] SLOW spr round 146 (radius: 5)
[18:11:30 -310514.787140] SLOW spr round 147 (radius: 10)
[18:18:23 -310514.787140] SLOW spr round 148 (radius: 15)
[18:28:23 -310509.917376] SLOW spr round 149 (radius: 5)
[18:35:22 -310509.838436] SLOW spr round 150 (radius: 10)
[18:42:31 -310508.825300] SLOW spr round 151 (radius: 5)
[18:49:16 -310508.825276] SLOW spr round 152 (radius: 10)
[18:55:51 -310508.825276] SLOW spr round 153 (radius: 15)
[19:05:57 -310507.903124] SLOW spr round 154 (radius: 5)
[19:13:03 -310507.483022] SLOW spr round 155 (radius: 5)
[19:19:29 -310507.483007] SLOW spr round 156 (radius: 10)
[19:25:13 -310507.483007] SLOW spr round 157 (radius: 15)
[19:34:50 -310507.417403] SLOW spr round 158 (radius: 20)
[19:52:13 -310487.659220] SLOW spr round 159 (radius: 5)
[19:58:39 -310479.430403] SLOW spr round 160 (radius: 5)
[20:04:34 -310478.739473] SLOW spr round 161 (radius: 5)
[20:10:11 -310478.739383] SLOW spr round 162 (radius: 10)
[20:15:51 -310476.859051] SLOW spr round 163 (radius: 5)
[20:21:58 -310476.859041] SLOW spr round 164 (radius: 10)
[20:28:05 -310476.371479] SLOW spr round 165 (radius: 5)
[20:34:14 -310475.678151] SLOW spr round 166 (radius: 5)
[20:39:57 -310475.678024] SLOW spr round 167 (radius: 10)
[20:45:38 -310475.657735] SLOW spr round 168 (radius: 15)
[20:55:32 -310475.657735] SLOW spr round 169 (radius: 20)
[21:12:43 -310473.060276] SLOW spr round 170 (radius: 5)
[21:19:07 -310468.169110] SLOW spr round 171 (radius: 5)
[21:24:59 -310467.256406] SLOW spr round 172 (radius: 5)
[21:30:35 -310467.256406] SLOW spr round 173 (radius: 10)
[21:36:13 -310466.867351] SLOW spr round 174 (radius: 5)
[21:42:22 -310466.867349] SLOW spr round 175 (radius: 10)
[21:48:27 -310466.867349] SLOW spr round 176 (radius: 15)
[21:57:56 -310466.867349] SLOW spr round 177 (radius: 20)
[22:15:03 -310465.287760] SLOW spr round 178 (radius: 5)
[22:21:21 -310465.287403] SLOW spr round 179 (radius: 10)
[22:27:50 -310464.582197] SLOW spr round 180 (radius: 5)
[22:33:53 -310464.582196] SLOW spr round 181 (radius: 10)
[22:39:53 -310464.582196] SLOW spr round 182 (radius: 15)
[22:49:25 -310464.582196] SLOW spr round 183 (radius: 20)
[23:06:36 -310451.361749] SLOW spr round 184 (radius: 5)
[23:13:01 -310446.695284] SLOW spr round 185 (radius: 5)
[23:18:53 -310446.695251] SLOW spr round 186 (radius: 10)
[23:24:43 -310445.703036] SLOW spr round 187 (radius: 5)
[23:30:52 -310445.702244] SLOW spr round 188 (radius: 10)
[23:36:58 -310445.702238] SLOW spr round 189 (radius: 15)
[23:46:32 -310445.384270] SLOW spr round 190 (radius: 5)
[23:52:49 -310444.786292] SLOW spr round 191 (radius: 5)
[23:58:36 -310444.786270] SLOW spr round 192 (radius: 10)
[24:04:25 -310444.596355] SLOW spr round 193 (radius: 5)
[24:10:31 -310444.596094] SLOW spr round 194 (radius: 10)
[24:16:38 -310444.596094] SLOW spr round 195 (radius: 15)
[24:26:07 -310444.596094] SLOW spr round 196 (radius: 20)
[24:43:16 -310442.900728] SLOW spr round 197 (radius: 5)
[24:49:34 -310440.677772] SLOW spr round 198 (radius: 5)
[24:55:25 -310439.822231] SLOW spr round 199 (radius: 5)
[25:01:01 -310439.822231] SLOW spr round 200 (radius: 10)
[25:06:42 -310439.101608] SLOW spr round 201 (radius: 5)
[25:13:15 -310439.101606] SLOW spr round 202 (radius: 10)
[25:20:07 -310439.101606] SLOW spr round 203 (radius: 15)
[25:29:59 -310437.055998] SLOW spr round 204 (radius: 5)
[25:36:20 -310436.241893] SLOW spr round 205 (radius: 5)
[25:42:11 -310436.241812] SLOW spr round 206 (radius: 10)
[25:48:43 -310436.212593] SLOW spr round 207 (radius: 15)
[25:59:30 -310436.095072] SLOW spr round 208 (radius: 5)
[26:06:54 -310435.221421] SLOW spr round 209 (radius: 5)
[26:13:50 -310435.221177] SLOW spr round 210 (radius: 10)
[26:20:45 -310435.221177] SLOW spr round 211 (radius: 15)
[26:31:36 -310434.762416] SLOW spr round 212 (radius: 5)
[26:38:56 -310434.762394] SLOW spr round 213 (radius: 10)
[26:46:22 -310434.762394] SLOW spr round 214 (radius: 15)
[26:55:56 -310434.687483] SLOW spr round 215 (radius: 20)
[27:13:01 -310424.934210] SLOW spr round 216 (radius: 5)
[27:19:28 -310412.746948] SLOW spr round 217 (radius: 5)
[27:25:21 -310408.950408] SLOW spr round 218 (radius: 5)
[27:31:01 -310408.950393] SLOW spr round 219 (radius: 10)
[27:36:45 -310408.758164] SLOW spr round 220 (radius: 5)
[27:43:58 -310408.265464] SLOW spr round 221 (radius: 5)
[27:50:43 -310408.265311] SLOW spr round 222 (radius: 10)
[27:57:26 -310408.265308] SLOW spr round 223 (radius: 15)
[28:09:08 -310408.265308] SLOW spr round 224 (radius: 20)
[28:27:22 -310407.812723] SLOW spr round 225 (radius: 5)
[28:35:09 -310407.812455] SLOW spr round 226 (radius: 10)
[28:43:23 -310407.812455] SLOW spr round 227 (radius: 15)
[28:54:12 -310407.812455] SLOW spr round 228 (radius: 20)
[29:13:03 -310407.749341] SLOW spr round 229 (radius: 25)
[29:39:31 -310364.341221] SLOW spr round 230 (radius: 5)
[29:48:28 -310356.528177] SLOW spr round 231 (radius: 5)
[29:55:43 -310356.373047] SLOW spr round 232 (radius: 5)
[30:02:22 -310356.372946] SLOW spr round 233 (radius: 10)
[30:09:03 -310356.372938] SLOW spr round 234 (radius: 15)
[30:20:04 -310352.413831] SLOW spr round 235 (radius: 5)
[30:27:24 -310350.536416] SLOW spr round 236 (radius: 5)
[30:34:14 -310350.536236] SLOW spr round 237 (radius: 10)
[30:41:37 -310348.363349] SLOW spr round 238 (radius: 5)
[30:50:17 -310347.967808] SLOW spr round 239 (radius: 5)
[30:58:12 -310347.967742] SLOW spr round 240 (radius: 10)
[31:05:44 -310347.967742] SLOW spr round 241 (radius: 15)
[31:17:56 -310347.839836] SLOW spr round 242 (radius: 5)
[31:26:43 -310347.674311] SLOW spr round 243 (radius: 5)
[31:35:05 -310347.674305] SLOW spr round 244 (radius: 10)
[31:43:14 -310347.674305] SLOW spr round 245 (radius: 15)
[31:54:03 -310347.620071] SLOW spr round 246 (radius: 20)
[32:12:11 -310343.378007] SLOW spr round 247 (radius: 5)
[32:19:42 -310334.130009] SLOW spr round 248 (radius: 5)
[32:26:46 -310330.540919] SLOW spr round 249 (radius: 5)
[32:33:35 -310322.809531] SLOW spr round 250 (radius: 5)
[32:40:10 -310322.809191] SLOW spr round 251 (radius: 10)
[32:46:55 -310320.750773] SLOW spr round 252 (radius: 5)
[32:54:50 -310317.405476] SLOW spr round 253 (radius: 5)
[33:02:17 -310317.405407] SLOW spr round 254 (radius: 10)
[33:09:06 -310306.478993] SLOW spr round 255 (radius: 5)
[33:16:19 -310305.964732] SLOW spr round 256 (radius: 5)
[33:23:38 -310305.964726] SLOW spr round 257 (radius: 10)
[33:31:12 -310305.346122] SLOW spr round 258 (radius: 5)
[33:39:07 -310305.338947] SLOW spr round 259 (radius: 10)
[33:47:02 -310305.338228] SLOW spr round 260 (radius: 15)
[33:57:58 -310302.305441] SLOW spr round 261 (radius: 5)
[34:05:18 -310302.234026] SLOW spr round 262 (radius: 10)
[34:12:40 -310301.829806] SLOW spr round 263 (radius: 5)
[34:19:49 -310301.829803] SLOW spr round 264 (radius: 10)
[34:26:54 -310301.829803] SLOW spr round 265 (radius: 15)
[34:38:32 -310300.348074] SLOW spr round 266 (radius: 5)
[34:47:21 -310300.078485] SLOW spr round 267 (radius: 5)
[34:55:30 -310300.078485] SLOW spr round 268 (radius: 10)
[35:02:57 -310297.424770] SLOW spr round 269 (radius: 5)
[35:10:53 -310297.424663] SLOW spr round 270 (radius: 10)
[35:18:40 -310297.424663] SLOW spr round 271 (radius: 15)
[35:29:52 -310297.424663] SLOW spr round 272 (radius: 20)
[35:49:22 -310277.845241] SLOW spr round 273 (radius: 5)
[35:57:53 -310275.187465] SLOW spr round 274 (radius: 5)
[36:05:53 -310274.822382] SLOW spr round 275 (radius: 5)
[36:13:32 -310274.819770] SLOW spr round 276 (radius: 10)
[36:21:15 -310271.584028] SLOW spr round 277 (radius: 5)
[36:29:32 -310268.058207] SLOW spr round 278 (radius: 5)
[36:37:20 -310268.058162] SLOW spr round 279 (radius: 10)
[36:45:06 -310267.906161] SLOW spr round 280 (radius: 5)
[36:53:01 -310266.641140] SLOW spr round 281 (radius: 5)
[37:00:32 -310266.334043] SLOW spr round 282 (radius: 5)
[37:07:49 -310265.980349] SLOW spr round 283 (radius: 5)
[37:15:03 -310265.980341] SLOW spr round 284 (radius: 10)
[37:22:18 -310264.677884] SLOW spr round 285 (radius: 5)
[37:30:14 -310263.191136] SLOW spr round 286 (radius: 5)
[37:37:46 -310258.519150] SLOW spr round 287 (radius: 5)
[37:45:02 -310258.519150] SLOW spr round 288 (radius: 10)
[37:52:19 -310258.519150] SLOW spr round 289 (radius: 15)
[38:04:13 -310256.581607] SLOW spr round 290 (radius: 5)
[38:12:14 -310256.581436] SLOW spr round 291 (radius: 10)
[38:20:18 -310256.581436] SLOW spr round 292 (radius: 15)
[38:30:57 -310256.581436] SLOW spr round 293 (radius: 20)
[38:49:51 -310255.623671] SLOW spr round 294 (radius: 5)
[38:57:21 -310254.341517] SLOW spr round 295 (radius: 5)
[39:04:18 -310254.341517] SLOW spr round 296 (radius: 10)
[39:11:10 -310254.341517] SLOW spr round 297 (radius: 15)
[39:22:00 -310252.409372] SLOW spr round 298 (radius: 5)
[39:29:20 -310252.409267] SLOW spr round 299 (radius: 10)
[39:36:45 -310252.409267] SLOW spr round 300 (radius: 15)
[39:47:20 -310252.409267] SLOW spr round 301 (radius: 20)
[40:06:14 -310252.409267] SLOW spr round 302 (radius: 25)
[40:32:58 -310238.656507] SLOW spr round 303 (radius: 5)
[40:40:50 -310235.206727] SLOW spr round 304 (radius: 5)
[40:48:16 -310235.206050] SLOW spr round 305 (radius: 10)
[40:56:06 -310234.403394] SLOW spr round 306 (radius: 5)
[41:04:18 -310234.403379] SLOW spr round 307 (radius: 10)
[41:12:23 -310234.403378] SLOW spr round 308 (radius: 15)
[41:24:05 -310234.403378] SLOW spr round 309 (radius: 20)
[41:43:37 -310234.337786] SLOW spr round 310 (radius: 25)
[42:10:57 -310233.127183] SLOW spr round 311 (radius: 5)
[42:18:35 -310231.019911] SLOW spr round 312 (radius: 5)
[42:25:42 -310231.019911] SLOW spr round 313 (radius: 10)
[42:32:42 -310229.442357] SLOW spr round 314 (radius: 5)
[42:40:01 -310229.442357] SLOW spr round 315 (radius: 10)
[42:47:28 -310229.442357] SLOW spr round 316 (radius: 15)
[42:58:30 -310229.442357] SLOW spr round 317 (radius: 20)
[43:17:44 -310229.442357] SLOW spr round 318 (radius: 25)
[43:43:56 -310227.713259] SLOW spr round 319 (radius: 5)
[43:51:27 -310221.744398] SLOW spr round 320 (radius: 5)
[43:58:11 -310221.744397] SLOW spr round 321 (radius: 10)
[44:04:08 -310221.744397] SLOW spr round 322 (radius: 15)
[44:14:02 -310218.337711] SLOW spr round 323 (radius: 5)
[44:20:48 -310216.436536] SLOW spr round 324 (radius: 5)
[44:27:32 -310216.436536] SLOW spr round 325 (radius: 10)
[44:33:23 -310216.436536] SLOW spr round 326 (radius: 15)
[44:43:16 -310216.436536] SLOW spr round 327 (radius: 20)
[45:01:37 -310216.436536] SLOW spr round 328 (radius: 25)
[45:27:21 -310215.950113] SLOW spr round 329 (radius: 5)
[45:34:07 -310215.950075] SLOW spr round 330 (radius: 10)
[45:41:05 -310215.950075] SLOW spr round 331 (radius: 15)
[45:50:58 -310215.950075] SLOW spr round 332 (radius: 20)
[46:09:12 -310215.950075] SLOW spr round 333 (radius: 25)
[46:35:07 -310215.689341] SLOW spr round 334 (radius: 5)
[46:41:55 -310215.689341] SLOW spr round 335 (radius: 10)
[46:48:59 -310215.689341] SLOW spr round 336 (radius: 15)
[46:59:13 -310215.689341] SLOW spr round 337 (radius: 20)
[47:17:59 -310215.689341] SLOW spr round 338 (radius: 25)
[47:44:17 -310215.504144] SLOW spr round 339 (radius: 5)
[47:51:30 -310215.504128] SLOW spr round 340 (radius: 10)
[47:58:59 -310215.504128] SLOW spr round 341 (radius: 15)
[48:09:24 -310215.504128] SLOW spr round 342 (radius: 20)
[48:28:23 -310215.504128] SLOW spr round 343 (radius: 25)
[48:55:11 -310215.431702] Model parameter optimization (eps = 0.100000)

[48:56:06] ML tree search #1, logLikelihood: -310200.489506


Optimized model parameters:

   Partition 0: noname
   Rate heterogeneity: GAMMA (6 cats, mean),  alpha: 0.485778 (ML),  weights&rates: (0.166667,0.013221) (0.166667,0.099819) (0.166667,0.296929) (0.166667,0.659936) (0.166667,1.350369) (0.166667,3.579727) 
   Base frequencies (ML): 0.441088 0.170916 0.180902 0.207094 
   Substitution rates (ML): 1.794621 8.528192 0.921260 0.768924 10.937964 1.000000 

Final LogLikelihood: -310200.489506

AIC score: 634964.979012 / AICc score: 106704576.979012 / BIC score: 669788.901564
Free parameters (model + branch lengths): 7282

WARNING: Number of free parameters (K=7282) is larger than alignment size (n=882).
         This might lead to overfitting and compromise tree inference results!


Best ML tree saved to: /pasteur/homes/azhukova/projects/pastml_atlas/examples/HIV1C/data/4/raxml_alignment.norecombinants.nodrm.fa.raxml.bestTree
Optimized model saved to: /pasteur/homes/azhukova/projects/pastml_atlas/examples/HIV1C/data/4/raxml_alignment.norecombinants.nodrm.fa.raxml.bestModel

Execution log saved to: /pasteur/homes/azhukova/projects/pastml_atlas/examples/HIV1C/data/4/raxml_alignment.norecombinants.nodrm.fa.raxml.log

Analysis started: 18-Jan-2019 18:52:57 / finished: 20-Jan-2019 19:49:03

Elapsed time: 176166.653 seconds (this run) / 176415.412 seconds (total with restarts)

