
LEAST-SQUARE METHODS TO ESTIMATE RATES AND DATES - v0.3beta 


Input files:
  I                                 Input tree file : /home/azhukova/Pasteur/projects/pastml/examples/DENV2/data/resampled/1/phyml_tree.nwk
  D                                 Input date file : /home/azhukova/Pasteur/projects/pastml/examples/DENV2/data/resampled/1/dates.tab
  P                                  Partition file : No
Output file:
  O                                    Output file  : /home/azhukova/Pasteur/projects/pastml/examples/DENV2/data/resampled/1/phyml_tree.dated
Parameters:
  C                                With constraints : Yes
  T                        Lower bound for the rate : 1.000e-10
  V                                  With variances : Yes, use variances based on branches estimated by LSD
  B                          Parameter of variances : 10
  S                                 Sequence Length : 10188
  R                               Estimate the root : Use fast method to search on all branches
  W                         Given substitution rate : No
  G                                 Given outgroups : No
  N                               Multiple data set : No
  F                    Compute confidence intervals : Yes, sampling 1000 times

  H to print Help 
  Y to accept or type a letter to change an option (Q = Exit) 
Tree 1 rate 3.246e-04 , tMRCA 1352.637532 , objective function 1.891699e+03
Re-estimate using variances based on the branch lengths of the previous run ...
rate 4.470e-04 , tMRCA 1514.088468 , objective function 3.690698e+03
rate 4.470e-04 [4.242e-04 , 4.655e-04] , tMRCA 1514.088468 [1485.420071 , 1534.863001] , objective function 3.690698e+03


*********************************************************
Elapsed time: 18.27 seconds
