
LEAST-SQUARE METHODS TO ESTIMATE RATES AND DATES - v0.3beta 


Input files:
  I                                 Input tree file : /home/azhukova/Pasteur/projects/Phylogenomics-Chapter/ml_analysis/../data/max_lh/DENV2/resampled/1/raxml_tree.nwk
  D                                 Input date file : /home/azhukova/Pasteur/projects/Phylogenomics-Chapter/ml_analysis/../data/max_lh/DENV2/resampled/1/dates_real.tab
  P                                  Partition file : No
Output file:
  O                                    Output file  : /home/azhukova/Pasteur/projects/Phylogenomics-Chapter/ml_analysis/../data/max_lh/DENV2/resampled/1/raxml_tree.dated_real
Parameters:
  C                                With constraints : Yes
  T                        Lower bound for the rate : 1.000e-10
  V                                  With variances : Yes, use variances based on branches estimated by LSD
  B                          Parameter of variances : 10
  S                                 Sequence Length : 10188
  R                               Estimate the root : Use fast method to search on all branches
  W                         Given substitution rate : No
  G                                 Given outgroups : No
  N                               Multiple data set : No
  F                    Compute confidence intervals : Yes, sampling 1000 times

  H to print Help 
  Y to accept or type a letter to change an option (Q = Exit) 
Tree 1 rate 3.419e-04 , tMRCA 1360.390800 , objective function 1.988617e+03
Re-estimate using variances based on the branch lengths of the previous run ...
rate 4.713e-04 , tMRCA 1520.100536 , objective function 3.869039e+03
rate 4.713e-04 [4.478e-04 , 4.898e-04] , tMRCA 1520.100536 [1492.614646 , 1541.058369] , objective function 3.869039e+03


*********************************************************
Elapsed time: 17.92 seconds
