
 oooooooooooooooooooooooooooooooooooooooooooooooooooooooooooooooooooooooooooooooooooooooooooooooo
                                  ---  PhyML 3.3.20180621  ---                                             
                              http://www.atgc-montpellier.fr/phyml                                          
                             Copyright CNRS - Universite Montpellier                                 
 oooooooooooooooooooooooooooooooooooooooooooooooooooooooooooooooooooooooooooooooooooooooooooooooo

. Sequence filename: 			aln.phylip
. Data set: 				#1
. Tree topology search: 		SPRs
. Initial tree: 			BioNJ
. Model of nucleotides substitution: 	GTR
. Number of taxa: 			356
. Log-likelihood: 			-123508.54488
. Unconstrained log-likelihood: 	-52467.17860
. Composite log-likelihood: 		-4965515.36832
. Parsimony: 				19479
. Tree size: 				1.94884
. Discrete gamma model: 		Yes
  - Number of classes: 			6
  - Gamma shape parameter: 		0.308
  - Relative rate in class 1: 		0.00159 [freq=0.166667] 		
  - Relative rate in class 2: 		0.02885 [freq=0.166667] 		
  - Relative rate in class 3: 		0.14427 [freq=0.166667] 		
  - Relative rate in class 4: 		0.45304 [freq=0.166667] 		
  - Relative rate in class 5: 		1.20290 [freq=0.166667] 		
  - Relative rate in class 6: 		4.16934 [freq=0.166667] 		
. Nucleotides frequencies:
  - f(A)=  0.33702
  - f(C)=  0.22971
  - f(G)=  0.24070
  - f(T)=  0.19257
. GTR relative rate parameters : 
  A <-> C    1.14500
  A <-> G   12.11033
  A <-> T    1.86168
  C <-> G    0.71903
  C <-> T   33.95293
  G <-> T    1.00000

. Instantaneous rate matrix : 
  [A---------C---------G---------T------]
  -0.63608   0.04731   0.52429   0.06448  
   0.06941  -1.27655   0.03113   1.17602  
   0.73410   0.02971  -0.79844   0.03464  
   0.11285   1.40280   0.04329  -1.55894  



. Run ID:				none
. Random seed:				239
. Subtree patterns aliasing:		no
. Version:				3.3.20180621
. Time used:				2h27m31s (8851 seconds)

 oooooooooooooooooooooooooooooooooooooooooooooooooooooooooooooooooooooooooooooooooooooooooooooooo
 Suggested citations:
 S. Guindon, JF. Dufayard, V. Lefort, M. Anisimova, W. Hordijk, O. Gascuel
 "New algorithms and methods to estimate maximum-likelihood phylogenies: assessing the performance of PhyML 3.0."
 Systematic Biology. 2010. 59(3):307-321.

 S. Guindon & O. Gascuel
 "A simple, fast, and accurate algorithm to estimate large phylogenies by maximum likelihood"
 Systematic Biology. 2003. 52(5):696-704.
 oooooooooooooooooooooooooooooooooooooooooooooooooooooooooooooooooooooooooooooooooooooooooooooooo
