
 oooooooooooooooooooooooooooooooooooooooooooooooooooooooooooooooooooooooooooooooooooooooooooooooo
                                  ---  PhyML 3.3.20180621  ---                                             
                              http://www.atgc-montpellier.fr/phyml                                          
                             Copyright CNRS - Universite Montpellier                                 
 oooooooooooooooooooooooooooooooooooooooooooooooooooooooooooooooooooooooooooooooooooooooooooooooo

. Sequence filename: 			phml_alignment.norecombinants.nodrm.fa
. Data set: 				#1
. Tree topology search: 		SPRs
. Initial tree: 			user tree (/pasteur/homes/azhukova/projects/pastml_atlas/examples/HIV1C/data/2/pars_tree.nwk)
. Model of nucleotides substitution: 	GTR
. Number of taxa: 			3638
. Log-likelihood: 			-309634.70170
. Unconstrained log-likelihood: 	-5888.63557
. Composite log-likelihood: 		-4284286.63263
. Parsimony: 				65513
. Tree size: 				176.47185
. Discrete gamma model: 		Yes
  - Number of classes: 			6
  - Gamma shape parameter: 		0.475
  - Relative rate in class 1: 		0.01216 [freq=0.166667] 		
  - Relative rate in class 2: 		0.09515 [freq=0.166667] 		
  - Relative rate in class 3: 		0.28887 [freq=0.166667] 		
  - Relative rate in class 4: 		0.65077 [freq=0.166667] 		
  - Relative rate in class 5: 		1.34559 [freq=0.166667] 		
  - Relative rate in class 6: 		3.60746 [freq=0.166667] 		
. Nucleotides frequencies:
  - f(A)=  0.45944
  - f(C)=  0.14997
  - f(G)=  0.18328
  - f(T)=  0.20730
. GTR relative rate parameters : 
  A <-> C    2.03288
  A <-> G    8.29194
  A <-> T    0.89368
  C <-> G    0.87410
  C <-> T   12.65047
  G <-> T    1.00000

. Instantaneous rate matrix : 
  [A---------C---------G---------T------]
  -0.72888   0.11056   0.55114   0.06718  
   0.33871  -1.34784   0.05810   0.95103  
   1.38156   0.04754  -1.50428   0.07518  
   0.14890   0.68802   0.06647  -0.90338  



. Run ID:				none
. Random seed:				239
. Subtree patterns aliasing:		no
. Version:				3.3.20180621
. Time used:				297h48m28s (1072108 seconds)

 oooooooooooooooooooooooooooooooooooooooooooooooooooooooooooooooooooooooooooooooooooooooooooooooo
 Suggested citations:
 S. Guindon, JF. Dufayard, V. Lefort, M. Anisimova, W. Hordijk, O. Gascuel
 "New algorithms and methods to estimate maximum-likelihood phylogenies: assessing the performance of PhyML 3.0."
 Systematic Biology. 2010. 59(3):307-321.

 S. Guindon & O. Gascuel
 "A simple, fast, and accurate algorithm to estimate large phylogenies by maximum likelihood"
 Systematic Biology. 2003. 52(5):696-704.
 oooooooooooooooooooooooooooooooooooooooooooooooooooooooooooooooooooooooooooooooooooooooooooooooo
