
RAxML-NG v. 0.8.0git BETA released on 11.01.2019 by The Exelixis Lab.
Authors: Alexey Kozlov, Alexandros Stamatakis, Diego Darriba, Tomas Flouri, Benoit Morel.
Latest version: https://github.com/amkozlov/raxml-ng
Questions/problems/suggestions? Please visit: https://groups.google.com/forum/#!forum/raxml

WARNING: This is a BETA release, please use at your own risk!

RAxML-NG was called at 18-Jan-2019 18:47:04 as follows:

raxml-ng --tree /pasteur/homes/azhukova/projects/pastml_atlas/examples/HIV1C/data/2/pars_tree.nwk --model GTR+G6 --msa /pasteur/homes/azhukova/projects/pastml_atlas/examples/HIV1C/data/2/raxml_alignment.norecombinants.nodrm.fa --msa-format FASTA --data-type DNA --seed 239 --threads 12 --force

Analysis options:
  run mode: ML tree search
  start tree(s): user
  random seed: 239
  tip-inner: OFF
  pattern compression: ON
  per-rate scalers: OFF
  site repeats: ON
  fast spr radius: AUTO
  spr subtree cutoff: 1.000000
  branch lengths: proportional (ML estimate, algorithm: NR-FAST)
  SIMD kernels: AVX2
  parallelization: PTHREADS (12 threads), thread pinning: OFF

WARNING: Running in FORCE mode: all safety checks are disabled!

[00:00:00] Reading alignment from file: /pasteur/homes/azhukova/projects/pastml_atlas/examples/HIV1C/data/2/raxml_alignment.norecombinants.nodrm.fa
[00:00:00] Loaded alignment with 3638 taxa and 882 sites

Alignment comprises 1 partitions and 842 patterns

Partition 0: noname
Model: GTR+FO+G6m
Alignment sites / patterns: 882 / 842
Gaps: 0.03 %
Invariant sites: 2.61 %


NOTE: Binary MSA file created: /pasteur/homes/azhukova/projects/pastml_atlas/examples/HIV1C/data/2/raxml_alignment.norecombinants.nodrm.fa.raxml.rba

[00:00:00] Loading user starting tree(s) from: /pasteur/homes/azhukova/projects/pastml_atlas/examples/HIV1C/data/2/pars_tree.nwk
[00:00:00] Data distribution: max. partitions/sites/weight per thread: 1 / 71 / 1704

Starting ML tree search with 1 distinct starting trees

[00:00:00 -399249.627688] Initial branch length optimization
[00:00:03 -351118.713971] Model parameter optimization (eps = 10.000000)
[00:00:51 -319672.143294] AUTODETECT spr round 1 (radius: 5)

RAxML-NG v. 0.8.0git BETA released on 11.01.2019 by The Exelixis Lab.
Authors: Alexey Kozlov, Alexandros Stamatakis, Diego Darriba, Tomas Flouri, Benoit Morel.
Latest version: https://github.com/amkozlov/raxml-ng
Questions/problems/suggestions? Please visit: https://groups.google.com/forum/#!forum/raxml

WARNING: This is a BETA release, please use at your own risk!

RAxML-NG was called at 18-Jan-2019 18:52:56 as follows:

raxml-ng --tree /pasteur/homes/azhukova/projects/pastml_atlas/examples/HIV1C/data/2/pars_tree.nwk --model GTR+G6 --msa /pasteur/homes/azhukova/projects/pastml_atlas/examples/HIV1C/data/2/raxml_alignment.norecombinants.nodrm.fa --msa-format FASTA --data-type DNA --seed 239 --threads 12 --force

Analysis options:
  run mode: ML tree search
  start tree(s): user
  random seed: 239
  tip-inner: OFF
  pattern compression: ON
  per-rate scalers: OFF
  site repeats: ON
  fast spr radius: AUTO
  spr subtree cutoff: 1.000000
  branch lengths: proportional (ML estimate, algorithm: NR-FAST)
  SIMD kernels: AVX2
  parallelization: PTHREADS (12 threads), thread pinning: OFF

WARNING: Running in FORCE mode: all safety checks are disabled!

WARNING: The model you specified on the command line (GTR+G6) will be ignored 
         since the binary MSA file already contains a model definition.
         If you want to change the model, please re-run RAxML-NG 
         with the original PHYLIP/FASTA alignment and --redo option.

[00:00:00] Loading binary alignment from file: /pasteur/homes/azhukova/projects/pastml_atlas/examples/HIV1C/data/2/raxml_alignment.norecombinants.nodrm.fa.raxml.rba
[00:00:00] Alignment comprises 3638 taxa, 1 partitions and 842 patterns

Partition 0: noname
Model: GTR+FO+G6m
Alignment sites / patterns: 882 / 842
Gaps: 0.03 %
Invariant sites: 2.61 %


[00:00:00] NOTE: Resuming execution from checkpoint (logLH: -319672.14, ML trees: 0, bootstraps: 0)
[00:00:00] Data distribution: max. partitions/sites/weight per thread: 1 / 71 / 1704

Starting ML tree search with 1 distinct starting trees

[00:00:00 -319672.143294] AUTODETECT spr round 1 (radius: 5)
[00:03:32 -317055.295716] AUTODETECT spr round 2 (radius: 10)
[00:09:15 -315836.524133] AUTODETECT spr round 3 (radius: 15)
[00:16:31 -315050.678954] AUTODETECT spr round 4 (radius: 20)
[00:25:35 -314593.166964] AUTODETECT spr round 5 (radius: 25)
[00:36:34 -314185.416460] SPR radius for FAST iterations: 25 (autodetect)
[00:36:34 -314185.416460] Model parameter optimization (eps = 3.000000)
[00:37:06 -314119.976739] FAST spr round 1 (radius: 25)
[00:55:34 -312425.834561] FAST spr round 2 (radius: 25)
[01:12:05 -311672.336848] FAST spr round 3 (radius: 25)
[01:24:42 -311404.619844] FAST spr round 4 (radius: 25)
[01:35:56 -311262.376787] FAST spr round 5 (radius: 25)
[01:45:50 -311189.283446] FAST spr round 6 (radius: 25)
[01:54:52 -311164.634261] FAST spr round 7 (radius: 25)
[02:03:26 -311158.650783] FAST spr round 8 (radius: 25)
[02:11:18 -311158.330225] FAST spr round 9 (radius: 25)
[02:18:59 -311158.329892] Model parameter optimization (eps = 1.000000)
[02:19:25 -311140.180187] SLOW spr round 1 (radius: 5)
[02:28:40 -310990.529994] SLOW spr round 2 (radius: 5)
[02:37:16 -310964.597504] SLOW spr round 3 (radius: 5)
[02:44:47 -310961.154660] SLOW spr round 4 (radius: 5)
[02:51:48 -310961.154452] SLOW spr round 5 (radius: 10)
[02:59:24 -310907.789558] SLOW spr round 6 (radius: 5)
[03:07:38 -310885.481766] SLOW spr round 7 (radius: 5)
[03:15:15 -310883.463832] SLOW spr round 8 (radius: 5)
[03:22:28 -310880.094890] SLOW spr round 9 (radius: 5)
[03:29:30 -310877.424220] SLOW spr round 10 (radius: 5)
[03:36:24 -310877.424219] SLOW spr round 11 (radius: 10)
[03:44:06 -310868.076842] SLOW spr round 12 (radius: 5)
[03:52:48 -310864.731752] SLOW spr round 13 (radius: 5)
[04:00:12 -310864.731751] SLOW spr round 14 (radius: 10)
[04:07:45 -310862.595721] SLOW spr round 15 (radius: 5)
[04:15:53 -310862.291777] SLOW spr round 16 (radius: 5)
[04:23:21 -310862.291753] SLOW spr round 17 (radius: 10)
[04:30:45 -310861.238166] SLOW spr round 18 (radius: 5)
[04:38:44 -310860.424095] SLOW spr round 19 (radius: 5)
[04:45:58 -310860.424092] SLOW spr round 20 (radius: 10)
[04:53:19 -310859.672305] SLOW spr round 21 (radius: 5)
[05:01:20 -310858.377681] SLOW spr round 22 (radius: 5)
[05:08:48 -310858.377652] SLOW spr round 23 (radius: 10)
[05:16:18 -310857.896188] SLOW spr round 24 (radius: 5)
[05:24:27 -310856.643934] SLOW spr round 25 (radius: 5)
[05:32:34 -310854.253147] SLOW spr round 26 (radius: 5)
[05:40:20 -310854.252952] SLOW spr round 27 (radius: 10)
[05:48:15 -310853.916052] SLOW spr round 28 (radius: 5)
[05:57:01 -310853.916016] SLOW spr round 29 (radius: 10)
[06:05:51 -310850.414514] SLOW spr round 30 (radius: 5)
[06:14:38 -310849.523886] SLOW spr round 31 (radius: 5)
[06:22:44 -310849.523520] SLOW spr round 32 (radius: 10)
[06:30:51 -310849.315397] SLOW spr round 33 (radius: 5)
[06:39:42 -310848.224007] SLOW spr round 34 (radius: 5)
[06:47:47 -310848.223310] SLOW spr round 35 (radius: 10)
[06:55:55 -310848.089339] SLOW spr round 36 (radius: 5)
[07:04:45 -310847.156855] SLOW spr round 37 (radius: 5)
[07:12:52 -310847.156748] SLOW spr round 38 (radius: 10)
[07:20:59 -310847.013931] SLOW spr round 39 (radius: 5)
[07:29:43 -310847.013929] SLOW spr round 40 (radius: 10)
[07:38:30 -310846.911068] SLOW spr round 41 (radius: 5)
[07:47:20 -310842.260434] SLOW spr round 42 (radius: 5)
[07:55:33 -310841.818966] SLOW spr round 43 (radius: 5)
[08:03:22 -310841.818963] SLOW spr round 44 (radius: 10)
[08:11:17 -310841.533308] SLOW spr round 45 (radius: 5)
[08:20:04 -310841.533307] SLOW spr round 46 (radius: 10)
[08:28:52 -310841.469347] SLOW spr round 47 (radius: 15)
[08:43:41 -310808.478648] SLOW spr round 48 (radius: 5)
[08:53:03 -310785.528773] SLOW spr round 49 (radius: 5)
[09:01:33 -310785.356109] SLOW spr round 50 (radius: 5)
[09:09:22 -310785.356107] SLOW spr round 51 (radius: 10)
[09:17:21 -310769.622124] SLOW spr round 52 (radius: 5)
[09:26:19 -310766.549968] SLOW spr round 53 (radius: 5)
[09:34:32 -310766.214422] SLOW spr round 54 (radius: 5)
[09:42:30 -310766.214422] SLOW spr round 55 (radius: 10)
[09:50:30 -310765.028715] SLOW spr round 56 (radius: 5)
[09:59:18 -310762.326987] SLOW spr round 57 (radius: 5)
[10:07:19 -310762.326986] SLOW spr round 58 (radius: 10)
[10:15:27 -310761.406438] SLOW spr round 59 (radius: 5)
[10:24:21 -310761.406174] SLOW spr round 60 (radius: 10)
[10:33:18 -310760.501967] SLOW spr round 61 (radius: 5)
[10:42:11 -310760.501898] SLOW spr round 62 (radius: 10)
[10:51:00 -310760.077524] SLOW spr round 63 (radius: 5)
[11:00:02 -310754.197481] SLOW spr round 64 (radius: 5)
[11:08:14 -310754.074444] SLOW spr round 65 (radius: 5)
[11:16:23 -310754.074423] SLOW spr round 66 (radius: 10)
[11:25:17 -310753.818454] SLOW spr round 67 (radius: 5)
[11:35:08 -310750.506883] SLOW spr round 68 (radius: 5)
[11:44:12 -310750.506883] SLOW spr round 69 (radius: 10)
[11:52:28 -310750.390376] SLOW spr round 70 (radius: 5)
[12:01:21 -310750.390376] SLOW spr round 71 (radius: 10)
[12:10:04 -310750.342605] SLOW spr round 72 (radius: 15)
[12:24:44 -310741.950858] SLOW spr round 73 (radius: 5)
[12:33:57 -310734.346439] SLOW spr round 74 (radius: 5)
[12:42:27 -310729.832394] SLOW spr round 75 (radius: 5)
[12:50:32 -310727.322254] SLOW spr round 76 (radius: 5)
[12:58:21 -310725.436546] SLOW spr round 77 (radius: 5)
[13:05:59 -310725.436461] SLOW spr round 78 (radius: 10)
[13:13:40 -310725.270370] SLOW spr round 79 (radius: 5)
[13:22:28 -310725.270356] SLOW spr round 80 (radius: 10)
[13:31:25 -310725.240989] SLOW spr round 81 (radius: 15)
[13:45:43 -310723.456391] SLOW spr round 82 (radius: 5)
[13:54:53 -310723.003692] SLOW spr round 83 (radius: 5)
[14:03:14 -310722.017812] SLOW spr round 84 (radius: 5)
[14:10:59 -310722.017812] SLOW spr round 85 (radius: 10)
[14:18:46 -310722.017812] SLOW spr round 86 (radius: 15)
[14:34:09 -310721.615225] SLOW spr round 87 (radius: 5)
[14:43:01 -310721.615208] SLOW spr round 88 (radius: 10)
[14:52:02 -310721.615208] SLOW spr round 89 (radius: 15)
[15:06:28 -310717.599367] SLOW spr round 90 (radius: 5)
[15:15:23 -310717.599367] SLOW spr round 91 (radius: 10)
[15:24:24 -310716.703487] SLOW spr round 92 (radius: 5)
[15:33:09 -310716.468510] SLOW spr round 93 (radius: 5)
[15:41:20 -310716.468508] SLOW spr round 94 (radius: 10)
[15:49:30 -310714.436516] SLOW spr round 95 (radius: 5)
[15:58:16 -310714.435878] SLOW spr round 96 (radius: 10)
[16:07:00 -310714.435878] SLOW spr round 97 (radius: 15)
[16:22:09 -310714.065620] SLOW spr round 98 (radius: 5)
[16:31:41 -310713.051857] SLOW spr round 99 (radius: 5)
[16:39:51 -310713.051131] SLOW spr round 100 (radius: 10)
[16:49:02 -310712.764507] SLOW spr round 101 (radius: 5)
[16:58:43 -310712.764464] SLOW spr round 102 (radius: 10)
[17:08:22 -310712.764464] SLOW spr round 103 (radius: 15)
[17:23:42 -310712.498721] SLOW spr round 104 (radius: 5)
[17:33:51 -310712.490431] SLOW spr round 105 (radius: 10)
[17:43:55 -310712.490430] SLOW spr round 106 (radius: 15)
[17:59:08 -310712.245492] SLOW spr round 107 (radius: 5)
[18:09:24 -310712.245332] SLOW spr round 108 (radius: 10)
[18:19:45 -310710.483132] SLOW spr round 109 (radius: 5)
[18:29:42 -310707.660579] SLOW spr round 110 (radius: 5)
[18:38:56 -310707.660550] SLOW spr round 111 (radius: 10)
[18:48:13 -310706.834264] SLOW spr round 112 (radius: 5)
[18:58:15 -310706.834253] SLOW spr round 113 (radius: 10)
[19:08:11 -310706.834253] SLOW spr round 114 (radius: 15)
[19:23:42 -310706.607591] SLOW spr round 115 (radius: 5)
[19:33:55 -310706.607591] SLOW spr round 116 (radius: 10)
[19:43:39 -310706.607591] SLOW spr round 117 (radius: 15)
[19:57:52 -310706.464897] SLOW spr round 118 (radius: 5)
[20:06:59 -310705.486919] SLOW spr round 119 (radius: 5)
[20:15:25 -310704.989701] SLOW spr round 120 (radius: 5)
[20:23:26 -310704.927881] SLOW spr round 121 (radius: 10)
[20:31:20 -310701.561579] SLOW spr round 122 (radius: 5)
[20:40:20 -310701.320231] SLOW spr round 123 (radius: 5)
[20:48:40 -310701.320224] SLOW spr round 124 (radius: 10)
[20:56:59 -310701.320224] SLOW spr round 125 (radius: 15)
[21:12:01 -310697.705089] SLOW spr round 126 (radius: 5)
[21:21:25 -310697.454709] SLOW spr round 127 (radius: 5)
[21:29:56 -310697.454708] SLOW spr round 128 (radius: 10)
[21:38:23 -310695.061461] SLOW spr round 129 (radius: 5)
[21:47:32 -310695.061361] SLOW spr round 130 (radius: 10)
[21:56:27 -310693.770798] SLOW spr round 131 (radius: 5)
[22:05:21 -310693.190880] SLOW spr round 132 (radius: 5)
[22:13:39 -310693.187932] SLOW spr round 133 (radius: 10)
[22:21:54 -310693.187492] SLOW spr round 134 (radius: 15)
[22:36:58 -310692.643223] SLOW spr round 135 (radius: 5)
[22:46:11 -310692.643223] SLOW spr round 136 (radius: 10)
[22:55:28 -310692.643223] SLOW spr round 137 (radius: 15)
[23:09:52 -310692.295565] SLOW spr round 138 (radius: 5)
[23:19:07 -310692.295564] SLOW spr round 139 (radius: 10)
[23:28:26 -310692.295564] SLOW spr round 140 (radius: 15)
[23:42:50 -310691.963988] SLOW spr round 141 (radius: 5)
[23:52:03 -310691.963800] SLOW spr round 142 (radius: 10)
[24:01:23 -310691.963800] SLOW spr round 143 (radius: 15)
[24:16:30 -310691.409850] SLOW spr round 144 (radius: 5)
[24:27:19 -310691.409848] SLOW spr round 145 (radius: 10)
[24:38:14 -310691.409848] SLOW spr round 146 (radius: 15)
[24:54:18 -310691.262636] SLOW spr round 147 (radius: 5)
[25:05:59 -310690.208191] SLOW spr round 148 (radius: 5)
[25:15:53 -310690.208191] SLOW spr round 149 (radius: 10)
[25:26:19 -310690.208191] SLOW spr round 150 (radius: 15)
[25:43:21 -310690.143509] SLOW spr round 151 (radius: 20)
[26:12:18 -310650.151701] SLOW spr round 152 (radius: 5)
[26:24:25 -310620.456670] SLOW spr round 153 (radius: 5)
[26:35:50 -310618.187306] SLOW spr round 154 (radius: 5)
[26:46:30 -310618.187305] SLOW spr round 155 (radius: 10)
[26:57:18 -310609.150597] SLOW spr round 156 (radius: 5)
[27:09:00 -310602.320424] SLOW spr round 157 (radius: 5)
[27:19:55 -310602.320302] SLOW spr round 158 (radius: 10)
[27:30:38 -310598.609300] SLOW spr round 159 (radius: 5)
[27:41:25 -310598.609300] SLOW spr round 160 (radius: 10)
[27:52:12 -310598.594714] SLOW spr round 161 (radius: 15)
[28:08:33 -310598.027402] SLOW spr round 162 (radius: 5)
[28:19:49 -310595.027794] SLOW spr round 163 (radius: 5)
[28:30:08 -310595.027403] SLOW spr round 164 (radius: 10)
[28:40:21 -310595.027403] SLOW spr round 165 (radius: 15)
[28:56:57 -310594.915777] SLOW spr round 166 (radius: 5)
[29:08:33 -310594.915723] SLOW spr round 167 (radius: 10)
[29:20:32 -310594.915723] SLOW spr round 168 (radius: 15)
[29:36:39 -310594.915723] SLOW spr round 169 (radius: 20)
[30:05:33 -310593.828246] SLOW spr round 170 (radius: 5)
[30:16:35 -310593.828219] SLOW spr round 171 (radius: 10)
[30:27:58 -310593.828219] SLOW spr round 172 (radius: 15)
[30:44:52 -310593.498605] SLOW spr round 173 (radius: 5)
[30:55:51 -310593.437540] SLOW spr round 174 (radius: 10)
[31:06:56 -310593.437277] SLOW spr round 175 (radius: 15)
[31:23:09 -310593.437274] SLOW spr round 176 (radius: 20)
[31:51:30 -310592.658378] SLOW spr round 177 (radius: 5)
[32:02:43 -310590.253228] SLOW spr round 178 (radius: 5)
[32:13:35 -310590.253210] SLOW spr round 179 (radius: 10)
[32:24:33 -310590.018094] SLOW spr round 180 (radius: 5)
[32:35:29 -310589.904003] SLOW spr round 181 (radius: 5)
[32:45:45 -310589.904001] SLOW spr round 182 (radius: 10)
[32:57:15 -310589.904001] SLOW spr round 183 (radius: 15)
[33:15:25 -310587.448367] SLOW spr round 184 (radius: 5)
[33:27:53 -310587.448357] SLOW spr round 185 (radius: 10)
[33:40:34 -310587.448357] SLOW spr round 186 (radius: 15)
[33:58:20 -310587.448357] SLOW spr round 187 (radius: 20)
[34:28:26 -310587.312216] SLOW spr round 188 (radius: 5)
[34:40:26 -310587.312018] SLOW spr round 189 (radius: 10)
[34:52:39 -310587.312018] SLOW spr round 190 (radius: 15)
[35:10:03 -310584.672847] SLOW spr round 191 (radius: 5)
[35:22:39 -310584.420375] SLOW spr round 192 (radius: 5)
[35:34:23 -310584.420344] SLOW spr round 193 (radius: 10)
[35:46:11 -310583.246835] SLOW spr round 194 (radius: 5)
[35:58:15 -310583.246834] SLOW spr round 195 (radius: 10)
[36:09:53 -310583.193390] SLOW spr round 196 (radius: 15)
[36:27:06 -310583.193390] SLOW spr round 197 (radius: 20)
[36:56:30 -310582.504823] SLOW spr round 198 (radius: 5)
[37:08:23 -310582.504482] SLOW spr round 199 (radius: 10)
[37:20:32 -310582.504482] SLOW spr round 200 (radius: 15)
[37:37:36 -310582.504482] SLOW spr round 201 (radius: 20)
[38:06:59 -310582.397092] SLOW spr round 202 (radius: 5)
[38:18:53 -310581.249195] SLOW spr round 203 (radius: 5)
[38:29:53 -310581.249153] SLOW spr round 204 (radius: 10)
[38:40:57 -310581.249152] SLOW spr round 205 (radius: 15)
[38:58:31 -310581.249152] SLOW spr round 206 (radius: 20)
[39:27:45 -310580.985540] SLOW spr round 207 (radius: 5)
[39:39:40 -310579.984941] SLOW spr round 208 (radius: 5)
[39:50:40 -310579.984933] SLOW spr round 209 (radius: 10)
[40:01:36 -310579.177855] SLOW spr round 210 (radius: 5)
[40:12:29 -310579.177854] SLOW spr round 211 (radius: 10)
[40:23:23 -310579.177854] SLOW spr round 212 (radius: 15)
[40:39:54 -310579.177854] SLOW spr round 213 (radius: 20)
[41:08:43 -310576.549172] SLOW spr round 214 (radius: 5)
[41:20:36 -310572.370023] SLOW spr round 215 (radius: 5)
[41:31:34 -310572.370002] SLOW spr round 216 (radius: 10)
[41:42:33 -310572.370002] SLOW spr round 217 (radius: 15)
[41:59:58 -310572.370002] SLOW spr round 218 (radius: 20)
[42:28:41 -310570.040158] SLOW spr round 219 (radius: 5)
[42:39:57 -310568.463558] SLOW spr round 220 (radius: 5)
[42:50:08 -310568.463447] SLOW spr round 221 (radius: 10)
[43:00:15 -310568.463447] SLOW spr round 222 (radius: 15)
[43:16:49 -310568.463447] SLOW spr round 223 (radius: 20)
[43:45:00 -310568.383948] SLOW spr round 224 (radius: 25)
[44:26:59 -310504.763989] SLOW spr round 225 (radius: 5)
[44:38:29 -310425.420037] SLOW spr round 226 (radius: 5)
[44:48:45 -310412.668269] SLOW spr round 227 (radius: 5)
[44:58:25 -310406.343967] SLOW spr round 228 (radius: 5)
[45:07:45 -310406.343002] SLOW spr round 229 (radius: 10)
[45:17:19 -310399.554779] SLOW spr round 230 (radius: 5)
[45:27:48 -310395.213200] SLOW spr round 231 (radius: 5)
[45:37:30 -310395.212736] SLOW spr round 232 (radius: 10)
[45:47:17 -310394.581798] SLOW spr round 233 (radius: 5)
[45:57:35 -310394.581571] SLOW spr round 234 (radius: 10)
[46:07:54 -310394.061239] SLOW spr round 235 (radius: 5)
[46:19:14 -310393.356571] SLOW spr round 236 (radius: 5)
[46:29:44 -310393.356570] SLOW spr round 237 (radius: 10)
[46:39:56 -310393.250799] SLOW spr round 238 (radius: 5)
[46:50:46 -310393.250641] SLOW spr round 239 (radius: 10)
[47:01:36 -310393.250641] SLOW spr round 240 (radius: 15)
[47:18:01 -310390.503849] SLOW spr round 241 (radius: 5)
[47:28:59 -310389.677243] SLOW spr round 242 (radius: 5)
[47:38:57 -310389.677243] SLOW spr round 243 (radius: 10)
[47:48:48 -310389.677243] SLOW spr round 244 (radius: 15)
[48:05:07 -310389.127032] SLOW spr round 245 (radius: 5)
[48:15:48 -310389.039603] SLOW spr round 246 (radius: 10)
[48:26:20 -310389.039602] SLOW spr round 247 (radius: 15)
[48:41:58 -310385.353791] SLOW spr round 248 (radius: 5)
[48:52:30 -310385.353791] SLOW spr round 249 (radius: 10)
[49:03:05 -310385.353791] SLOW spr round 250 (radius: 15)
[49:18:46 -310385.353791] SLOW spr round 251 (radius: 20)
[49:46:25 -310379.234542] SLOW spr round 252 (radius: 5)
[49:57:06 -310377.238209] SLOW spr round 253 (radius: 5)
[50:06:56 -310376.219152] SLOW spr round 254 (radius: 5)
[50:16:23 -310376.219152] SLOW spr round 255 (radius: 10)
[50:25:53 -310374.844172] SLOW spr round 256 (radius: 5)
[50:36:13 -310371.334586] SLOW spr round 257 (radius: 5)
[50:45:56 -310371.334585] SLOW spr round 258 (radius: 10)
[50:55:35 -310371.334585] SLOW spr round 259 (radius: 15)
[51:12:12 -310370.316069] SLOW spr round 260 (radius: 5)
[51:23:04 -310365.943615] SLOW spr round 261 (radius: 5)
[51:33:22 -310365.943612] SLOW spr round 262 (radius: 10)
[51:43:48 -310365.943612] SLOW spr round 263 (radius: 15)
[52:01:13 -310365.943612] SLOW spr round 264 (radius: 20)
[52:30:14 -310362.712876] SLOW spr round 265 (radius: 5)
[52:41:40 -310362.066792] SLOW spr round 266 (radius: 5)
[52:52:30 -310362.066787] SLOW spr round 267 (radius: 10)
[53:03:11 -310362.066787] SLOW spr round 268 (radius: 15)
[53:20:10 -310362.066787] SLOW spr round 269 (radius: 20)
[53:48:36 -310362.066787] SLOW spr round 270 (radius: 25)
[54:28:57 -310339.940319] SLOW spr round 271 (radius: 5)
[54:40:27 -310333.970099] SLOW spr round 272 (radius: 5)
[54:50:42 -310333.853383] SLOW spr round 273 (radius: 5)
[55:00:42 -310333.853383] SLOW spr round 274 (radius: 10)
[55:10:34 -310329.226533] SLOW spr round 275 (radius: 5)
[55:20:43 -310328.138433] SLOW spr round 276 (radius: 5)
[55:30:06 -310328.138217] SLOW spr round 277 (radius: 10)
[55:39:24 -310328.022714] SLOW spr round 278 (radius: 5)
[55:49:19 -310327.817515] SLOW spr round 279 (radius: 5)
[55:58:37 -310327.277361] SLOW spr round 280 (radius: 5)
[56:07:39 -310327.277360] SLOW spr round 281 (radius: 10)
[56:16:45 -310327.277360] SLOW spr round 282 (radius: 15)
[56:33:13 -310326.496185] SLOW spr round 283 (radius: 5)
[56:43:27 -310326.496164] SLOW spr round 284 (radius: 10)
[56:54:34 -310323.719628] SLOW spr round 285 (radius: 5)
[57:05:18 -310323.221739] SLOW spr round 286 (radius: 5)
[57:15:25 -310323.221612] SLOW spr round 287 (radius: 10)
[57:25:34 -310323.221612] SLOW spr round 288 (radius: 15)
[57:42:31 -310322.561649] SLOW spr round 289 (radius: 5)
[57:53:34 -310319.665863] SLOW spr round 290 (radius: 5)
[58:03:52 -310319.497492] SLOW spr round 291 (radius: 5)
[58:13:53 -310319.497490] SLOW spr round 292 (radius: 10)
[58:23:55 -310319.497490] SLOW spr round 293 (radius: 15)
[58:41:07 -310319.497490] SLOW spr round 294 (radius: 20)
[59:09:05 -310318.182234] SLOW spr round 295 (radius: 5)
[59:20:16 -310318.182169] SLOW spr round 296 (radius: 10)
[59:31:39 -310318.182169] SLOW spr round 297 (radius: 15)
[59:48:03 -310318.182169] SLOW spr round 298 (radius: 20)
[60:16:35 -310318.182169] SLOW spr round 299 (radius: 25)
[60:57:25 -310312.840525] SLOW spr round 300 (radius: 5)
[61:09:30 -310310.458565] SLOW spr round 301 (radius: 5)
[61:20:38 -310308.681994] SLOW spr round 302 (radius: 5)
[61:31:01 -310308.681994] SLOW spr round 303 (radius: 10)
[61:41:25 -310308.681994] SLOW spr round 304 (radius: 15)
[61:58:56 -310307.467403] SLOW spr round 305 (radius: 5)
[62:10:27 -310307.359268] SLOW spr round 306 (radius: 5)
[62:21:10 -310307.359268] SLOW spr round 307 (radius: 10)
[62:31:48 -310307.359268] SLOW spr round 308 (radius: 15)
[62:48:58 -310307.359268] SLOW spr round 309 (radius: 20)
[63:17:14 -310307.154736] SLOW spr round 310 (radius: 5)
[63:28:48 -310307.154736] SLOW spr round 311 (radius: 10)
[63:40:32 -310307.154736] SLOW spr round 312 (radius: 15)
[63:57:06 -310306.089065] SLOW spr round 313 (radius: 5)
[64:08:34 -310306.089065] SLOW spr round 314 (radius: 10)
[64:20:07 -310306.089065] SLOW spr round 315 (radius: 15)
[64:36:46 -310306.089065] SLOW spr round 316 (radius: 20)
[65:05:18 -310306.089065] SLOW spr round 317 (radius: 25)
[65:46:05 -310302.279644] SLOW spr round 318 (radius: 5)
[65:57:49 -310300.361459] SLOW spr round 319 (radius: 5)
[66:08:40 -310300.361459] SLOW spr round 320 (radius: 10)
[66:19:22 -310300.160947] SLOW spr round 321 (radius: 5)
[66:30:41 -310300.160917] SLOW spr round 322 (radius: 10)
[66:42:00 -310300.160917] SLOW spr round 323 (radius: 15)
[66:58:43 -310299.732996] SLOW spr round 324 (radius: 5)
[67:09:56 -310299.714422] SLOW spr round 325 (radius: 10)
[67:21:09 -310299.632538] SLOW spr round 326 (radius: 15)
[67:37:14 -310299.632535] SLOW spr round 327 (radius: 20)
[68:05:11 -310299.632535] SLOW spr round 328 (radius: 25)
[68:45:20 -310297.446142] SLOW spr round 329 (radius: 5)
[68:56:40 -310297.102011] SLOW spr round 330 (radius: 5)
[69:07:05 -310297.102011] SLOW spr round 331 (radius: 10)
[69:16:48 -310297.102011] SLOW spr round 332 (radius: 15)
[69:32:58 -310296.990275] SLOW spr round 333 (radius: 5)
[69:43:37 -310296.990067] SLOW spr round 334 (radius: 10)
[69:54:12 -310296.990067] SLOW spr round 335 (radius: 15)
[70:10:25 -310296.990067] SLOW spr round 336 (radius: 20)
[70:38:12 -310296.990067] SLOW spr round 337 (radius: 25)
[71:17:41 -310296.505780] SLOW spr round 338 (radius: 5)
[71:27:48 -310296.392487] SLOW spr round 339 (radius: 5)
[71:37:07 -310296.392297] SLOW spr round 340 (radius: 10)
[71:46:27 -310296.392297] SLOW spr round 341 (radius: 15)
[72:02:28 -310296.392297] SLOW spr round 342 (radius: 20)
[72:29:54 -310296.392297] SLOW spr round 343 (radius: 25)
[73:09:11 -310296.041763] SLOW spr round 344 (radius: 5)
[73:19:29 -310296.041763] SLOW spr round 345 (radius: 10)
[73:30:01 -310296.041763] SLOW spr round 346 (radius: 15)
[73:45:22 -310296.041763] SLOW spr round 347 (radius: 20)
[74:12:45 -310296.041763] SLOW spr round 348 (radius: 25)
[74:51:53 -310296.041763] Model parameter optimization (eps = 0.100000)

[74:52:15] ML tree search #1, logLikelihood: -310294.088175


Optimized model parameters:

   Partition 0: noname
   Rate heterogeneity: GAMMA (6 cats, mean),  alpha: 0.477324 (ML),  weights&rates: (0.166667,0.012390) (0.166667,0.096161) (0.166667,0.290630) (0.166667,0.652790) (0.166667,1.346657) (0.166667,3.601372) 
   Base frequencies (ML): 0.444327 0.166336 0.181887 0.207450 
   Substitution rates (ML): 1.866866 8.525517 0.909254 0.808013 11.047141 1.000000 

Final LogLikelihood: -310294.088175

AIC score: 635152.176350 / AICc score: 106704764.176350 / BIC score: 669976.098902
Free parameters (model + branch lengths): 7282

WARNING: Number of free parameters (K=7282) is larger than alignment size (n=882).
         This might lead to overfitting and compromise tree inference results!


Best ML tree saved to: /pasteur/homes/azhukova/projects/pastml_atlas/examples/HIV1C/data/2/raxml_alignment.norecombinants.nodrm.fa.raxml.bestTree
Optimized model saved to: /pasteur/homes/azhukova/projects/pastml_atlas/examples/HIV1C/data/2/raxml_alignment.norecombinants.nodrm.fa.raxml.bestModel

Execution log saved to: /pasteur/homes/azhukova/projects/pastml_atlas/examples/HIV1C/data/2/raxml_alignment.norecombinants.nodrm.fa.raxml.log

Analysis started: 18-Jan-2019 18:52:56 / finished: 21-Jan-2019 21:45:12

Elapsed time: 269535.326 seconds (this run) / 269586.653 seconds (total with restarts)

