
 oooooooooooooooooooooooooooooooooooooooooooooooooooooooooooooooooooooooooooooooooooooooooooooooo
                                  ---  PhyML 3.3.20180621  ---                                             
                              http://www.atgc-montpellier.fr/phyml                                          
                             Copyright CNRS - Universite Montpellier                                 
 oooooooooooooooooooooooooooooooooooooooooooooooooooooooooooooooooooooooooooooooooooooooooooooooo

. Sequence filename: 			phml_alignment.norecombinants.nodrm.fa
. Data set: 				#1
. Tree topology search: 		SPRs
. Initial tree: 			user tree (/pasteur/homes/azhukova/projects/pastml_atlas/examples/HIV1C/data/3/pars_tree.nwk)
. Model of nucleotides substitution: 	GTR
. Number of taxa: 			3638
. Log-likelihood: 			-309681.04267
. Unconstrained log-likelihood: 	-5888.63557
. Composite log-likelihood: 		-4290373.26989
. Parsimony: 				65651
. Tree size: 				177.09437
. Discrete gamma model: 		Yes
  - Number of classes: 			6
  - Gamma shape parameter: 		0.478
  - Relative rate in class 1: 		0.01242 [freq=0.166667] 		
  - Relative rate in class 2: 		0.09632 [freq=0.166667] 		
  - Relative rate in class 3: 		0.29090 [freq=0.166667] 		
  - Relative rate in class 4: 		0.65310 [freq=0.166667] 		
  - Relative rate in class 5: 		1.34682 [freq=0.166667] 		
  - Relative rate in class 6: 		3.60045 [freq=0.166667] 		
. Nucleotides frequencies:
  - f(A)=  0.46744
  - f(C)=  0.16567
  - f(G)=  0.18540
  - f(T)=  0.18150
. GTR relative rate parameters : 
  A <-> C    1.58142
  A <-> G    7.16794
  A <-> T    0.89631
  C <-> G    0.69397
  C <-> T   11.45899
  G <-> T    1.00000

. Instantaneous rate matrix : 
  [A---------C---------G---------T------]
  -0.71915   0.10745   0.54499   0.06671  
   0.30315  -1.20883   0.05276   0.85292  
   1.37407   0.04715  -1.49565   0.07443  
   0.17182   0.77855   0.07603  -1.02640  



. Run ID:				none
. Random seed:				239
. Subtree patterns aliasing:		no
. Version:				3.3.20180621
. Time used:				394h6m37s (1418797 seconds)

 oooooooooooooooooooooooooooooooooooooooooooooooooooooooooooooooooooooooooooooooooooooooooooooooo
 Suggested citations:
 S. Guindon, JF. Dufayard, V. Lefort, M. Anisimova, W. Hordijk, O. Gascuel
 "New algorithms and methods to estimate maximum-likelihood phylogenies: assessing the performance of PhyML 3.0."
 Systematic Biology. 2010. 59(3):307-321.

 S. Guindon & O. Gascuel
 "A simple, fast, and accurate algorithm to estimate large phylogenies by maximum likelihood"
 Systematic Biology. 2003. 52(5):696-704.
 oooooooooooooooooooooooooooooooooooooooooooooooooooooooooooooooooooooooooooooooooooooooooooooooo
