
RAxML-NG v. 0.8.0git BETA released on 11.01.2019 by The Exelixis Lab.
Authors: Alexey Kozlov, Alexandros Stamatakis, Diego Darriba, Tomas Flouri, Benoit Morel.
Latest version: https://github.com/amkozlov/raxml-ng
Questions/problems/suggestions? Please visit: https://groups.google.com/forum/#!forum/raxml

WARNING: This is a BETA release, please use at your own risk!

RAxML-NG was called at 18-Jan-2019 18:47:04 as follows:

raxml-ng --tree /pasteur/homes/azhukova/projects/pastml_atlas/examples/HIV1C/data/3/pars_tree.nwk --model GTR+G6 --msa /pasteur/homes/azhukova/projects/pastml_atlas/examples/HIV1C/data/3/raxml_alignment.norecombinants.nodrm.fa --msa-format FASTA --data-type DNA --seed 239 --threads 12 --force

Analysis options:
  run mode: ML tree search
  start tree(s): user
  random seed: 239
  tip-inner: OFF
  pattern compression: ON
  per-rate scalers: OFF
  site repeats: ON
  fast spr radius: AUTO
  spr subtree cutoff: 1.000000
  branch lengths: proportional (ML estimate, algorithm: NR-FAST)
  SIMD kernels: AVX2
  parallelization: PTHREADS (12 threads), thread pinning: OFF

WARNING: Running in FORCE mode: all safety checks are disabled!

[00:00:00] Reading alignment from file: /pasteur/homes/azhukova/projects/pastml_atlas/examples/HIV1C/data/3/raxml_alignment.norecombinants.nodrm.fa
[00:00:00] Loaded alignment with 3638 taxa and 882 sites

Alignment comprises 1 partitions and 842 patterns

Partition 0: noname
Model: GTR+FO+G6m
Alignment sites / patterns: 882 / 842
Gaps: 0.03 %
Invariant sites: 2.61 %


NOTE: Binary MSA file created: /pasteur/homes/azhukova/projects/pastml_atlas/examples/HIV1C/data/3/raxml_alignment.norecombinants.nodrm.fa.raxml.rba

[00:00:00] Loading user starting tree(s) from: /pasteur/homes/azhukova/projects/pastml_atlas/examples/HIV1C/data/3/pars_tree.nwk
[00:00:00] Data distribution: max. partitions/sites/weight per thread: 1 / 71 / 1704

Starting ML tree search with 1 distinct starting trees

[00:00:00 -399462.965713] Initial branch length optimization
[00:00:03 -351316.908799] Model parameter optimization (eps = 10.000000)
[00:01:14 -319995.857831] AUTODETECT spr round 1 (radius: 5)

RAxML-NG v. 0.8.0git BETA released on 11.01.2019 by The Exelixis Lab.
Authors: Alexey Kozlov, Alexandros Stamatakis, Diego Darriba, Tomas Flouri, Benoit Morel.
Latest version: https://github.com/amkozlov/raxml-ng
Questions/problems/suggestions? Please visit: https://groups.google.com/forum/#!forum/raxml

WARNING: This is a BETA release, please use at your own risk!

RAxML-NG was called at 18-Jan-2019 18:52:57 as follows:

raxml-ng --tree /pasteur/homes/azhukova/projects/pastml_atlas/examples/HIV1C/data/3/pars_tree.nwk --model GTR+G6 --msa /pasteur/homes/azhukova/projects/pastml_atlas/examples/HIV1C/data/3/raxml_alignment.norecombinants.nodrm.fa --msa-format FASTA --data-type DNA --seed 239 --threads 12 --force

Analysis options:
  run mode: ML tree search
  start tree(s): user
  random seed: 239
  tip-inner: OFF
  pattern compression: ON
  per-rate scalers: OFF
  site repeats: ON
  fast spr radius: AUTO
  spr subtree cutoff: 1.000000
  branch lengths: proportional (ML estimate, algorithm: NR-FAST)
  SIMD kernels: AVX2
  parallelization: PTHREADS (12 threads), thread pinning: OFF

WARNING: Running in FORCE mode: all safety checks are disabled!

WARNING: The model you specified on the command line (GTR+G6) will be ignored 
         since the binary MSA file already contains a model definition.
         If you want to change the model, please re-run RAxML-NG 
         with the original PHYLIP/FASTA alignment and --redo option.

[00:00:00] Loading binary alignment from file: /pasteur/homes/azhukova/projects/pastml_atlas/examples/HIV1C/data/3/raxml_alignment.norecombinants.nodrm.fa.raxml.rba
[00:00:00] Alignment comprises 3638 taxa, 1 partitions and 842 patterns

Partition 0: noname
Model: GTR+FO+G6m
Alignment sites / patterns: 882 / 842
Gaps: 0.03 %
Invariant sites: 2.61 %


[00:00:00] NOTE: Resuming execution from checkpoint (logLH: -319995.86, ML trees: 0, bootstraps: 0)
[00:00:00] Data distribution: max. partitions/sites/weight per thread: 1 / 71 / 1704

Starting ML tree search with 1 distinct starting trees

[00:00:00 -319995.857831] AUTODETECT spr round 1 (radius: 5)
[00:03:16 -317103.653130] AUTODETECT spr round 2 (radius: 10)
[00:07:06 -315943.952892] AUTODETECT spr round 3 (radius: 15)
[00:11:54 -315164.197038] AUTODETECT spr round 4 (radius: 20)
[00:18:37 -314591.001323] AUTODETECT spr round 5 (radius: 25)
[00:28:39 -314199.558794] SPR radius for FAST iterations: 25 (autodetect)
[00:28:39 -314199.558794] Model parameter optimization (eps = 3.000000)
[00:28:58 -314158.088407] FAST spr round 1 (radius: 25)
[00:48:02 -312419.527880] FAST spr round 2 (radius: 25)
[01:04:09 -311851.354367] FAST spr round 3 (radius: 25)
[01:16:41 -311630.876059] FAST spr round 4 (radius: 25)
[01:27:10 -311504.844873] FAST spr round 5 (radius: 25)
[01:36:10 -311418.638361] FAST spr round 6 (radius: 25)
[01:44:12 -311371.446898] FAST spr round 7 (radius: 25)
[01:51:39 -311352.107941] FAST spr round 8 (radius: 25)
[01:58:36 -311291.954105] FAST spr round 9 (radius: 25)
[02:05:44 -311253.813794] FAST spr round 10 (radius: 25)
[02:12:46 -311180.462972] FAST spr round 11 (radius: 25)
[02:19:44 -311154.441321] FAST spr round 12 (radius: 25)
[02:26:24 -311145.682748] FAST spr round 13 (radius: 25)
[02:32:54 -311143.702242] FAST spr round 14 (radius: 25)
[02:39:22 -311143.702130] Model parameter optimization (eps = 1.000000)
[02:39:46 -311123.614082] SLOW spr round 1 (radius: 5)
[02:48:11 -310971.000711] SLOW spr round 2 (radius: 5)
[02:55:58 -310948.891170] SLOW spr round 3 (radius: 5)
[03:03:31 -310928.598785] SLOW spr round 4 (radius: 5)
[03:10:52 -310919.305441] SLOW spr round 5 (radius: 5)
[03:17:56 -310919.305375] SLOW spr round 6 (radius: 10)
[03:25:27 -310873.895126] SLOW spr round 7 (radius: 5)
[03:34:00 -310853.051329] SLOW spr round 8 (radius: 5)
[03:41:53 -310852.023711] SLOW spr round 9 (radius: 5)
[03:49:18 -310849.993257] SLOW spr round 10 (radius: 5)
[03:56:37 -310849.627374] SLOW spr round 11 (radius: 5)
[04:03:41 -310849.626784] SLOW spr round 12 (radius: 10)
[04:12:09 -310830.503725] SLOW spr round 13 (radius: 5)
[04:21:54 -310827.322412] SLOW spr round 14 (radius: 5)
[04:30:50 -310826.728793] SLOW spr round 15 (radius: 5)
[04:39:17 -310826.728733] SLOW spr round 16 (radius: 10)
[04:47:31 -310825.753186] SLOW spr round 17 (radius: 5)
[04:56:28 -310823.644826] SLOW spr round 18 (radius: 5)
[05:04:40 -310823.644653] SLOW spr round 19 (radius: 10)
[05:12:24 -310816.784222] SLOW spr round 20 (radius: 5)
[05:21:52 -310812.819995] SLOW spr round 21 (radius: 5)
[05:30:50 -310812.169462] SLOW spr round 22 (radius: 5)
[05:39:25 -310812.169460] SLOW spr round 23 (radius: 10)
[05:48:03 -310811.683456] SLOW spr round 24 (radius: 5)
[05:57:33 -310811.417094] SLOW spr round 25 (radius: 5)
[06:06:18 -310811.417079] SLOW spr round 26 (radius: 10)
[06:15:00 -310811.011600] SLOW spr round 27 (radius: 5)
[06:24:41 -310803.263258] SLOW spr round 28 (radius: 5)
[06:33:49 -310803.263254] SLOW spr round 29 (radius: 10)
[06:41:57 -310803.075831] SLOW spr round 30 (radius: 5)
[06:51:00 -310803.075831] SLOW spr round 31 (radius: 10)
[07:00:10 -310802.875568] SLOW spr round 32 (radius: 5)
[07:09:03 -310802.543006] SLOW spr round 33 (radius: 5)
[07:17:14 -310802.543002] SLOW spr round 34 (radius: 10)
[07:25:19 -310802.406275] SLOW spr round 35 (radius: 5)
[07:34:14 -310802.406091] SLOW spr round 36 (radius: 10)
[07:43:00 -310802.305609] SLOW spr round 37 (radius: 5)
[07:51:47 -310802.305609] SLOW spr round 38 (radius: 10)
[08:01:40 -310799.536395] SLOW spr round 39 (radius: 5)
[08:11:30 -310799.536298] SLOW spr round 40 (radius: 10)
[08:20:15 -310797.424907] SLOW spr round 41 (radius: 5)
[08:29:47 -310797.344115] SLOW spr round 42 (radius: 10)
[08:39:50 -310797.127081] SLOW spr round 43 (radius: 5)
[08:49:59 -310795.952361] SLOW spr round 44 (radius: 5)
[08:59:12 -310795.952357] SLOW spr round 45 (radius: 10)
[09:07:17 -310795.928679] SLOW spr round 46 (radius: 15)
[09:22:50 -310759.154977] SLOW spr round 47 (radius: 5)
[09:32:58 -310741.092955] SLOW spr round 48 (radius: 5)
[09:42:44 -310737.164376] SLOW spr round 49 (radius: 5)
[09:51:29 -310736.771085] SLOW spr round 50 (radius: 5)
[09:59:53 -310736.771071] SLOW spr round 51 (radius: 10)
[10:09:03 -310726.950080] SLOW spr round 52 (radius: 5)
[10:19:28 -310724.185730] SLOW spr round 53 (radius: 5)
[10:29:10 -310724.185539] SLOW spr round 54 (radius: 10)
[10:38:40 -310723.536361] SLOW spr round 55 (radius: 5)
[10:48:59 -310723.165128] SLOW spr round 56 (radius: 5)
[10:58:31 -310723.165127] SLOW spr round 57 (radius: 10)
[11:08:00 -310722.647898] SLOW spr round 58 (radius: 5)
[11:18:11 -310722.647898] SLOW spr round 59 (radius: 10)
[11:28:16 -310722.495387] SLOW spr round 60 (radius: 5)
[11:38:33 -310721.982651] SLOW spr round 61 (radius: 5)
[11:48:11 -310721.982563] SLOW spr round 62 (radius: 10)
[11:57:36 -310721.928884] SLOW spr round 63 (radius: 15)
[12:13:33 -310701.076402] SLOW spr round 64 (radius: 5)
[12:24:06 -310690.042799] SLOW spr round 65 (radius: 5)
[12:34:00 -310687.243554] SLOW spr round 66 (radius: 5)
[12:43:20 -310686.781045] SLOW spr round 67 (radius: 5)
[12:51:44 -310686.781041] SLOW spr round 68 (radius: 10)
[12:59:41 -310682.859377] SLOW spr round 69 (radius: 5)
[13:09:18 -310681.937956] SLOW spr round 70 (radius: 5)
[13:18:06 -310680.418211] SLOW spr round 71 (radius: 5)
[13:26:32 -310680.417924] SLOW spr round 72 (radius: 10)
[13:35:06 -310679.775467] SLOW spr round 73 (radius: 5)
[13:44:41 -310679.547338] SLOW spr round 74 (radius: 5)
[13:53:08 -310679.547319] SLOW spr round 75 (radius: 10)
[14:01:53 -310678.919350] SLOW spr round 76 (radius: 5)
[14:11:26 -310677.916800] SLOW spr round 77 (radius: 5)
[14:20:10 -310677.916798] SLOW spr round 78 (radius: 10)
[14:28:25 -310677.874824] SLOW spr round 79 (radius: 15)
[14:43:07 -310669.505720] SLOW spr round 80 (radius: 5)
[14:53:07 -310657.434461] SLOW spr round 81 (radius: 5)
[15:02:12 -310657.433451] SLOW spr round 82 (radius: 10)
[15:10:59 -310657.433429] SLOW spr round 83 (radius: 15)
[15:26:33 -310654.268346] SLOW spr round 84 (radius: 5)
[15:36:09 -310654.268196] SLOW spr round 85 (radius: 10)
[15:45:52 -310654.002089] SLOW spr round 86 (radius: 5)
[15:55:17 -310653.997779] SLOW spr round 87 (radius: 10)
[16:04:35 -310653.997779] SLOW spr round 88 (radius: 15)
[16:19:33 -310653.174780] SLOW spr round 89 (radius: 5)
[16:28:00 -310653.174745] SLOW spr round 90 (radius: 10)
[16:36:33 -310653.174745] SLOW spr round 91 (radius: 15)
[16:50:24 -310652.681396] SLOW spr round 92 (radius: 5)
[17:00:01 -310652.681393] SLOW spr round 93 (radius: 10)
[17:09:43 -310652.681393] SLOW spr round 94 (radius: 15)
[17:24:27 -310652.557039] SLOW spr round 95 (radius: 5)
[17:33:00 -310652.556737] SLOW spr round 96 (radius: 10)
[17:41:35 -310652.556736] SLOW spr round 97 (radius: 15)
[17:55:31 -310652.529336] SLOW spr round 98 (radius: 20)
[18:20:38 -310608.813746] SLOW spr round 99 (radius: 5)
[18:30:12 -310591.680374] SLOW spr round 100 (radius: 5)
[18:39:31 -310586.883218] SLOW spr round 101 (radius: 5)
[18:47:11 -310586.882063] SLOW spr round 102 (radius: 10)
[18:54:40 -310586.462671] SLOW spr round 103 (radius: 5)
[19:03:54 -310585.554434] SLOW spr round 104 (radius: 5)
[19:12:37 -310585.554432] SLOW spr round 105 (radius: 10)
[19:21:25 -310581.060292] SLOW spr round 106 (radius: 5)
[19:31:02 -310579.351220] SLOW spr round 107 (radius: 5)
[19:39:44 -310579.351218] SLOW spr round 108 (radius: 10)
[19:48:32 -310579.125429] SLOW spr round 109 (radius: 5)
[19:57:59 -310578.829767] SLOW spr round 110 (radius: 5)
[20:06:48 -310578.829744] SLOW spr round 111 (radius: 10)
[20:15:33 -310578.776334] SLOW spr round 112 (radius: 15)
[20:31:38 -310566.549912] SLOW spr round 113 (radius: 5)
[20:41:27 -310564.916661] SLOW spr round 114 (radius: 5)
[20:50:23 -310564.916633] SLOW spr round 115 (radius: 10)
[20:59:13 -310564.916632] SLOW spr round 116 (radius: 15)
[21:15:07 -310563.844530] SLOW spr round 117 (radius: 5)
[21:24:50 -310563.541569] SLOW spr round 118 (radius: 5)
[21:33:42 -310563.541551] SLOW spr round 119 (radius: 10)
[21:42:32 -310563.541550] SLOW spr round 120 (radius: 15)
[21:58:23 -310563.108880] SLOW spr round 121 (radius: 5)
[22:08:05 -310561.563863] SLOW spr round 122 (radius: 5)
[22:16:59 -310561.563788] SLOW spr round 123 (radius: 10)
[22:25:52 -310561.563787] SLOW spr round 124 (radius: 15)
[22:41:44 -310561.281273] SLOW spr round 125 (radius: 5)
[22:51:20 -310561.281272] SLOW spr round 126 (radius: 10)
[23:01:06 -310561.281271] SLOW spr round 127 (radius: 15)
[23:16:20 -310561.245416] SLOW spr round 128 (radius: 20)
[23:41:54 -310552.356182] SLOW spr round 129 (radius: 5)
[23:51:13 -310548.748258] SLOW spr round 130 (radius: 5)
[23:59:33 -310548.221256] SLOW spr round 131 (radius: 5)
[24:07:25 -310548.221233] SLOW spr round 132 (radius: 10)
[24:15:19 -310548.221231] SLOW spr round 133 (radius: 15)
[24:30:54 -310547.086649] SLOW spr round 134 (radius: 5)
[24:40:01 -310544.870812] SLOW spr round 135 (radius: 5)
[24:48:19 -310544.097032] SLOW spr round 136 (radius: 5)
[24:56:18 -310544.097030] SLOW spr round 137 (radius: 10)
[25:04:52 -310543.865883] SLOW spr round 138 (radius: 5)
[25:14:18 -310543.865881] SLOW spr round 139 (radius: 10)
[25:23:46 -310543.865880] SLOW spr round 140 (radius: 15)
[25:39:04 -310543.487438] SLOW spr round 141 (radius: 5)
[25:48:42 -310543.487437] SLOW spr round 142 (radius: 10)
[25:58:30 -310543.487436] SLOW spr round 143 (radius: 15)
[26:13:48 -310543.487435] SLOW spr round 144 (radius: 20)
[26:38:35 -310539.341160] SLOW spr round 145 (radius: 5)
[26:47:15 -310534.317890] SLOW spr round 146 (radius: 5)
[26:55:03 -310534.317629] SLOW spr round 147 (radius: 10)
[27:02:48 -310533.212096] SLOW spr round 148 (radius: 5)
[27:11:05 -310531.188656] SLOW spr round 149 (radius: 5)
[27:18:37 -310531.188642] SLOW spr round 150 (radius: 10)
[27:26:10 -310530.386618] SLOW spr round 151 (radius: 5)
[27:34:23 -310530.386500] SLOW spr round 152 (radius: 10)
[27:42:29 -310528.322720] SLOW spr round 153 (radius: 5)
[27:50:28 -310528.322664] SLOW spr round 154 (radius: 10)
[27:58:44 -310528.322664] SLOW spr round 155 (radius: 15)
[28:13:05 -310524.665659] SLOW spr round 156 (radius: 5)
[28:21:25 -310524.665287] SLOW spr round 157 (radius: 10)
[28:30:04 -310524.665287] SLOW spr round 158 (radius: 15)
[28:44:11 -310524.665287] SLOW spr round 159 (radius: 20)
[29:08:47 -310524.473140] SLOW spr round 160 (radius: 5)
[29:17:30 -310524.472989] SLOW spr round 161 (radius: 10)
[29:26:26 -310524.472989] SLOW spr round 162 (radius: 15)
[29:40:34 -310524.296645] SLOW spr round 163 (radius: 5)
[29:49:10 -310524.291422] SLOW spr round 164 (radius: 10)
[29:57:54 -310519.706397] SLOW spr round 165 (radius: 5)
[30:06:27 -310518.129681] SLOW spr round 166 (radius: 5)
[30:14:13 -310517.482259] SLOW spr round 167 (radius: 5)
[30:21:39 -310517.482218] SLOW spr round 168 (radius: 10)
[30:29:06 -310517.482218] SLOW spr round 169 (radius: 15)
[30:44:33 -310517.250589] SLOW spr round 170 (radius: 5)
[30:53:11 -310516.002010] SLOW spr round 171 (radius: 5)
[31:01:01 -310516.002008] SLOW spr round 172 (radius: 10)
[31:08:47 -310516.002008] SLOW spr round 173 (radius: 15)
[31:23:44 -310510.550729] SLOW spr round 174 (radius: 5)
[31:32:21 -310510.088912] SLOW spr round 175 (radius: 5)
[31:40:12 -310510.088912] SLOW spr round 176 (radius: 10)
[31:47:57 -310510.088912] SLOW spr round 177 (radius: 15)
[32:02:51 -310506.747431] SLOW spr round 178 (radius: 5)
[32:11:30 -310506.747353] SLOW spr round 179 (radius: 10)
[32:20:13 -310506.747353] SLOW spr round 180 (radius: 15)
[32:34:25 -310506.747353] SLOW spr round 181 (radius: 20)
[32:59:01 -310506.747353] SLOW spr round 182 (radius: 25)
[33:34:11 -310462.914602] SLOW spr round 183 (radius: 5)
[33:43:11 -310442.538717] SLOW spr round 184 (radius: 5)
[33:52:02 -310441.990431] SLOW spr round 185 (radius: 5)
[34:00:22 -310441.990344] SLOW spr round 186 (radius: 10)
[34:08:50 -310430.478872] SLOW spr round 187 (radius: 5)
[34:18:10 -310423.909482] SLOW spr round 188 (radius: 5)
[34:26:40 -310423.909481] SLOW spr round 189 (radius: 10)
[34:35:05 -310423.647267] SLOW spr round 190 (radius: 5)
[34:44:13 -310423.647137] SLOW spr round 191 (radius: 10)
[34:53:19 -310423.647137] SLOW spr round 192 (radius: 15)
[35:08:35 -310411.296584] SLOW spr round 193 (radius: 5)
[35:18:13 -310409.230300] SLOW spr round 194 (radius: 5)
[35:26:49 -310409.229842] SLOW spr round 195 (radius: 10)
[35:35:20 -310409.106548] SLOW spr round 196 (radius: 5)
[35:44:30 -310409.106529] SLOW spr round 197 (radius: 10)
[35:53:34 -310409.106529] SLOW spr round 198 (radius: 15)
[36:08:41 -310406.539688] SLOW spr round 199 (radius: 5)
[36:18:11 -310405.492075] SLOW spr round 200 (radius: 5)
[36:26:48 -310405.492068] SLOW spr round 201 (radius: 10)
[36:35:22 -310402.923893] SLOW spr round 202 (radius: 5)
[36:44:35 -310402.427253] SLOW spr round 203 (radius: 5)
[36:53:08 -310400.102426] SLOW spr round 204 (radius: 5)
[37:02:24 -310400.102425] SLOW spr round 205 (radius: 10)
[37:11:30 -310399.477383] SLOW spr round 206 (radius: 5)
[37:20:41 -310397.343553] SLOW spr round 207 (radius: 5)
[37:30:16 -310397.343553] SLOW spr round 208 (radius: 10)
[37:39:46 -310397.343553] SLOW spr round 209 (radius: 15)
[37:56:43 -310396.357346] SLOW spr round 210 (radius: 5)
[38:07:05 -310396.021266] SLOW spr round 211 (radius: 5)
[38:16:48 -310396.021266] SLOW spr round 212 (radius: 10)
[38:26:24 -310396.021266] SLOW spr round 213 (radius: 15)
[38:43:12 -310395.814587] SLOW spr round 214 (radius: 5)
[38:53:40 -310395.814586] SLOW spr round 215 (radius: 10)
[39:04:13 -310395.814586] SLOW spr round 216 (radius: 15)
[39:20:25 -310395.814586] SLOW spr round 217 (radius: 20)
[39:46:42 -310384.838207] SLOW spr round 218 (radius: 5)
[39:56:05 -310384.630686] SLOW spr round 219 (radius: 5)
[40:04:42 -310384.630681] SLOW spr round 220 (radius: 10)
[40:13:12 -310384.593519] SLOW spr round 221 (radius: 15)
[40:28:46 -310384.301573] SLOW spr round 222 (radius: 5)
[40:38:03 -310384.257315] SLOW spr round 223 (radius: 10)
[40:47:26 -310384.257315] SLOW spr round 224 (radius: 15)
[41:02:20 -310384.257315] SLOW spr round 225 (radius: 20)
[41:28:12 -310382.743705] SLOW spr round 226 (radius: 5)
[41:37:25 -310382.743477] SLOW spr round 227 (radius: 10)
[41:47:02 -310382.743477] SLOW spr round 228 (radius: 15)
[42:02:25 -310382.743477] SLOW spr round 229 (radius: 20)
[42:29:02 -310382.743477] SLOW spr round 230 (radius: 25)
[43:05:30 -310357.595958] SLOW spr round 231 (radius: 5)
[43:15:46 -310350.597250] SLOW spr round 232 (radius: 5)
[43:25:06 -310349.392737] SLOW spr round 233 (radius: 5)
[43:33:53 -310349.392627] SLOW spr round 234 (radius: 10)
[43:42:44 -310349.280913] SLOW spr round 235 (radius: 5)
[43:52:35 -310349.236906] SLOW spr round 236 (radius: 10)
[44:02:17 -310349.236905] SLOW spr round 237 (radius: 15)
[44:17:54 -310347.704797] SLOW spr round 238 (radius: 5)
[44:27:13 -310347.701776] SLOW spr round 239 (radius: 10)
[44:36:34 -310347.701776] SLOW spr round 240 (radius: 15)
[44:51:19 -310347.701776] SLOW spr round 241 (radius: 20)
[45:16:49 -310344.473869] SLOW spr round 242 (radius: 5)
[45:25:44 -310341.668970] SLOW spr round 243 (radius: 5)
[45:34:02 -310341.147261] SLOW spr round 244 (radius: 5)
[45:42:11 -310341.147258] SLOW spr round 245 (radius: 10)
[45:50:01 -310341.147258] SLOW spr round 246 (radius: 15)
[46:05:26 -310338.243561] SLOW spr round 247 (radius: 5)
[46:14:25 -310337.018986] SLOW spr round 248 (radius: 5)
[46:22:29 -310336.507314] SLOW spr round 249 (radius: 5)
[46:30:00 -310336.507290] SLOW spr round 250 (radius: 10)
[46:37:35 -310336.507290] SLOW spr round 251 (radius: 15)
[46:53:07 -310336.507290] SLOW spr round 252 (radius: 20)
[47:17:58 -310335.352028] SLOW spr round 253 (radius: 5)
[47:27:04 -310334.003897] SLOW spr round 254 (radius: 5)
[47:35:17 -310334.003838] SLOW spr round 255 (radius: 10)
[47:44:30 -310333.510035] SLOW spr round 256 (radius: 5)
[47:54:19 -310333.509680] SLOW spr round 257 (radius: 10)
[48:03:46 -310332.553774] SLOW spr round 258 (radius: 5)
[48:12:20 -310332.553769] SLOW spr round 259 (radius: 10)
[48:21:18 -310331.968459] SLOW spr round 260 (radius: 5)
[48:31:02 -310331.968459] SLOW spr round 261 (radius: 10)
[48:39:42 -310331.968459] SLOW spr round 262 (radius: 15)
[48:54:27 -310331.968459] SLOW spr round 263 (radius: 20)
[49:20:40 -310331.582022] SLOW spr round 264 (radius: 5)
[49:29:38 -310331.581850] SLOW spr round 265 (radius: 10)
[49:38:58 -310330.573873] SLOW spr round 266 (radius: 5)
[49:48:45 -310329.956984] SLOW spr round 267 (radius: 5)
[49:57:16 -310329.956977] SLOW spr round 268 (radius: 10)
[50:05:06 -310327.684644] SLOW spr round 269 (radius: 5)
[50:14:18 -310327.643600] SLOW spr round 270 (radius: 10)
[50:23:48 -310327.643590] SLOW spr round 271 (radius: 15)
[50:39:46 -310326.721102] SLOW spr round 272 (radius: 5)
[50:50:05 -310325.382873] SLOW spr round 273 (radius: 5)
[50:59:08 -310325.382706] SLOW spr round 274 (radius: 10)
[51:07:52 -310325.382706] SLOW spr round 275 (radius: 15)
[51:23:47 -310324.817995] SLOW spr round 276 (radius: 5)
[51:34:32 -310324.792999] SLOW spr round 277 (radius: 10)
[51:44:44 -310324.792985] SLOW spr round 278 (radius: 15)
[52:00:36 -310324.792985] SLOW spr round 279 (radius: 20)
[52:26:45 -310322.602417] SLOW spr round 280 (radius: 5)
[52:36:46 -310322.602417] SLOW spr round 281 (radius: 10)
[52:47:38 -310321.427020] SLOW spr round 282 (radius: 5)
[52:57:58 -310320.026849] SLOW spr round 283 (radius: 5)
[53:06:52 -310320.026470] SLOW spr round 284 (radius: 10)
[53:16:07 -310319.671672] SLOW spr round 285 (radius: 5)
[53:26:38 -310319.426089] SLOW spr round 286 (radius: 5)
[53:35:47 -310319.426089] SLOW spr round 287 (radius: 10)
[53:44:45 -310319.271735] SLOW spr round 288 (radius: 5)
[53:55:21 -310318.925861] SLOW spr round 289 (radius: 5)
[54:04:51 -310318.877680] SLOW spr round 290 (radius: 10)
[54:13:47 -310318.875090] SLOW spr round 291 (radius: 15)
[54:30:04 -310318.874807] SLOW spr round 292 (radius: 20)
[54:56:16 -310318.874781] SLOW spr round 293 (radius: 25)
[55:32:39 -310309.920088] SLOW spr round 294 (radius: 5)
[55:42:43 -310305.658720] SLOW spr round 295 (radius: 5)
[55:51:53 -310305.658705] SLOW spr round 296 (radius: 10)
[56:00:29 -310303.685412] SLOW spr round 297 (radius: 5)
[56:09:54 -310301.733752] SLOW spr round 298 (radius: 5)
[56:18:50 -310301.733628] SLOW spr round 299 (radius: 10)
[56:27:21 -310299.759452] SLOW spr round 300 (radius: 5)
[56:36:32 -310297.200468] SLOW spr round 301 (radius: 5)
[56:45:28 -310297.083902] SLOW spr round 302 (radius: 5)
[56:54:14 -310297.083902] SLOW spr round 303 (radius: 10)
[57:02:58 -310295.456959] SLOW spr round 304 (radius: 5)
[57:12:36 -310295.456519] SLOW spr round 305 (radius: 10)
[57:22:18 -310295.456519] SLOW spr round 306 (radius: 15)
[57:37:56 -310294.110424] SLOW spr round 307 (radius: 5)
[57:47:54 -310294.021894] SLOW spr round 308 (radius: 10)
[57:57:31 -310294.021894] SLOW spr round 309 (radius: 15)
[58:12:44 -310294.021894] SLOW spr round 310 (radius: 20)
[58:39:20 -310294.021894] SLOW spr round 311 (radius: 25)
[59:16:29 -310290.522407] SLOW spr round 312 (radius: 5)
[59:26:24 -310289.254342] SLOW spr round 313 (radius: 5)
[59:35:30 -310289.254342] SLOW spr round 314 (radius: 10)
[59:44:37 -310289.066398] SLOW spr round 315 (radius: 5)
[59:54:22 -310287.706274] SLOW spr round 316 (radius: 5)
[60:03:18 -310287.706265] SLOW spr round 317 (radius: 10)
[60:12:08 -310287.706265] SLOW spr round 318 (radius: 15)
[60:27:22 -310273.426065] SLOW spr round 319 (radius: 5)
[60:36:14 -310271.924631] SLOW spr round 320 (radius: 5)
[60:44:24 -310271.765746] SLOW spr round 321 (radius: 5)
[60:53:13 -310271.344809] SLOW spr round 322 (radius: 5)
[61:01:48 -310271.344640] SLOW spr round 323 (radius: 10)
[61:10:30 -310271.344640] SLOW spr round 324 (radius: 15)
[61:27:22 -310271.273210] SLOW spr round 325 (radius: 20)
[61:53:16 -310266.219319] SLOW spr round 326 (radius: 5)
[62:02:11 -310263.578750] SLOW spr round 327 (radius: 5)
[62:10:11 -310263.400584] SLOW spr round 328 (radius: 5)
[62:17:42 -310263.400583] SLOW spr round 329 (radius: 10)
[62:25:13 -310263.400583] SLOW spr round 330 (radius: 15)
[62:40:31 -310263.400583] SLOW spr round 331 (radius: 20)
[63:05:31 -310260.984102] SLOW spr round 332 (radius: 5)
[63:14:35 -310260.199156] SLOW spr round 333 (radius: 5)
[63:23:40 -310260.198571] SLOW spr round 334 (radius: 10)
[63:32:27 -310259.855568] SLOW spr round 335 (radius: 5)
[63:41:42 -310259.855556] SLOW spr round 336 (radius: 10)
[63:50:47 -310259.855556] SLOW spr round 337 (radius: 15)
[64:06:05 -310259.855556] SLOW spr round 338 (radius: 20)
[64:32:09 -310258.699068] SLOW spr round 339 (radius: 5)
[64:41:16 -310258.699065] SLOW spr round 340 (radius: 10)
[64:50:17 -310258.699065] SLOW spr round 341 (radius: 15)
[65:04:26 -310258.699065] SLOW spr round 342 (radius: 20)
[65:30:05 -310258.699065] SLOW spr round 343 (radius: 25)
[66:06:36 -310257.139851] SLOW spr round 344 (radius: 5)
[66:15:49 -310257.128496] SLOW spr round 345 (radius: 10)
[66:25:33 -310251.053458] SLOW spr round 346 (radius: 5)
[66:34:25 -310250.425388] SLOW spr round 347 (radius: 5)
[66:42:43 -310250.425384] SLOW spr round 348 (radius: 10)
[66:50:24 -310250.425384] SLOW spr round 349 (radius: 15)
[67:05:27 -310250.173004] SLOW spr round 350 (radius: 5)
[67:14:05 -310250.172852] SLOW spr round 351 (radius: 10)
[67:23:46 -310250.172852] SLOW spr round 352 (radius: 15)
[67:38:30 -310249.903103] SLOW spr round 353 (radius: 5)
[67:47:09 -310249.903012] SLOW spr round 354 (radius: 10)
[67:55:52 -310249.903012] SLOW spr round 355 (radius: 15)
[68:10:03 -310249.903012] SLOW spr round 356 (radius: 20)
[68:36:10 -310248.882430] SLOW spr round 357 (radius: 5)
[68:46:08 -310248.882430] SLOW spr round 358 (radius: 10)
[68:56:17 -310248.882430] SLOW spr round 359 (radius: 15)
[69:11:46 -310248.882430] SLOW spr round 360 (radius: 20)
[69:38:40 -310248.882430] SLOW spr round 361 (radius: 25)
[70:16:32 -310247.727400] SLOW spr round 362 (radius: 5)
[70:26:57 -310245.658046] SLOW spr round 363 (radius: 5)
[70:37:15 -310245.657842] SLOW spr round 364 (radius: 10)
[70:47:23 -310245.624348] SLOW spr round 365 (radius: 15)
[71:04:27 -310242.809184] SLOW spr round 366 (radius: 5)
[71:15:27 -310242.516100] SLOW spr round 367 (radius: 5)
[71:25:33 -310242.515971] SLOW spr round 368 (radius: 10)
[71:35:11 -310239.902593] SLOW spr round 369 (radius: 5)
[71:44:56 -310239.902575] SLOW spr round 370 (radius: 10)
[71:54:35 -310239.902575] SLOW spr round 371 (radius: 15)
[72:10:10 -310239.902575] SLOW spr round 372 (radius: 20)
[72:36:36 -310239.902575] SLOW spr round 373 (radius: 25)
[73:13:39 -310238.864066] SLOW spr round 374 (radius: 5)
[73:23:44 -310234.804127] SLOW spr round 375 (radius: 5)
[73:32:56 -310234.803943] SLOW spr round 376 (radius: 10)
[73:41:52 -310234.803943] SLOW spr round 377 (radius: 15)
[73:57:20 -310234.803943] SLOW spr round 378 (radius: 20)
[74:23:16 -310234.213294] SLOW spr round 379 (radius: 5)
[74:33:11 -310234.213292] SLOW spr round 380 (radius: 10)
[74:43:21 -310234.213292] SLOW spr round 381 (radius: 15)
[74:58:50 -310234.213292] SLOW spr round 382 (radius: 20)
[75:25:21 -310234.213292] SLOW spr round 383 (radius: 25)
[76:02:15 -310234.213292] Model parameter optimization (eps = 0.100000)

[76:02:54] ML tree search #1, logLikelihood: -310229.272288


Optimized model parameters:

   Partition 0: noname
   Rate heterogeneity: GAMMA (6 cats, mean),  alpha: 0.473527 (ML),  weights&rates: (0.166667,0.012025) (0.166667,0.094519) (0.166667,0.287768) (0.166667,0.649512) (0.166667,1.344921) (0.166667,3.611254) 
   Base frequencies (ML): 0.453925 0.167703 0.193940 0.184432 
   Substitution rates (ML): 1.672701 7.282230 0.948439 0.701983 11.776946 1.000000 

Final LogLikelihood: -310229.272288

AIC score: 635022.544575 / AICc score: 106704634.544575 / BIC score: 669846.467127
Free parameters (model + branch lengths): 7282

WARNING: Number of free parameters (K=7282) is larger than alignment size (n=882).
         This might lead to overfitting and compromise tree inference results!


Best ML tree saved to: /pasteur/homes/azhukova/projects/pastml_atlas/examples/HIV1C/data/3/raxml_alignment.norecombinants.nodrm.fa.raxml.bestTree
Optimized model saved to: /pasteur/homes/azhukova/projects/pastml_atlas/examples/HIV1C/data/3/raxml_alignment.norecombinants.nodrm.fa.raxml.bestModel

Execution log saved to: /pasteur/homes/azhukova/projects/pastml_atlas/examples/HIV1C/data/3/raxml_alignment.norecombinants.nodrm.fa.raxml.log

Analysis started: 18-Jan-2019 18:52:57 / finished: 21-Jan-2019 22:55:51

Elapsed time: 273774.312 seconds (this run) / 273848.373 seconds (total with restarts)

