
LEAST-SQUARE METHODS TO ESTIMATE RATES AND DATES - v0.3beta 


Input files:
  I                                 Input tree file : /home/azhukova/Pasteur/projects/pastml/examples/DENV2/data/real/phyml_tree.nwk
  D                                 Input date file : /home/azhukova/Pasteur/projects/pastml/examples/DENV2/data/real/dates.tab
  P                                  Partition file : No
Output file:
  O                                    Output file  : /home/azhukova/Pasteur/projects/pastml/examples/DENV2/data/real/phyml_tree.dated
Parameters:
  C                                With constraints : Yes
  T                        Lower bound for the rate : 1.000e-10
  V                                  With variances : Yes, use variances based on branches estimated by LSD
  B                          Parameter of variances : 10
  S                                 Sequence Length : 10188
  R                               Estimate the root : Use fast method to search on all branches
  W                         Given substitution rate : No
  G                                 Given outgroups : No
  N                               Multiple data set : No
  F                    Compute confidence intervals : Yes, sampling 1000 times

  H to print Help 
  Y to accept or type a letter to change an option (Q = Exit) 
Tree 1 rate 1.871e-04 , tMRCA 941.692474 , objective function 3.333261e+03
Re-estimate using variances based on the branch lengths of the previous run ...
rate 2.537e-04 , tMRCA 1189.072349 , objective function 7.418382e+03
rate 2.537e-04 [2.358e-04 , 2.675e-04] , tMRCA 1189.072349 [1126.906696 , 1234.158364] , objective function 7.418382e+03


*********************************************************
Elapsed time: 16.78 seconds
